/home/dev_env/VAPER/irma/vaper/assets/flu-amd/IRMA_RES/ppath/results-ymkJF3ZXxV4O0KyspeRhbqXjrPco8fJe/LEFT.log:1	2668	2668	30	125	1
/home/dev_env/VAPER/irma/vaper/assets/flu-amd/IRMA_RES/ppath/results-ymkJF3ZXxV4O0KyspeRhbqXjrPco8fJe/LEFT.log:2	2687	2687	30	125	1
/home/dev_env/VAPER/irma/vaper/assets/flu-amd/IRMA_RES/ppath/results-ymkJF3ZXxV4O0KyspeRhbqXjrPco8fJe/LEFT.log:4	2661	2661	30	125	1
/home/dev_env/VAPER/irma/vaper/assets/flu-amd/IRMA_RES/ppath/results-ymkJF3ZXxV4O0KyspeRhbqXjrPco8fJe/LEFT.log:3	2664	2664	30	125	1
/home/dev_env/VAPER/irma/vaper/assets/flu-amd/IRMA_RES/ppath/results-ymkJF3ZXxV4O0KyspeRhbqXjrPco8fJe/LEFT.log:7	2678	2677	30	125	1
/home/dev_env/VAPER/irma/vaper/assets/flu-amd/IRMA_RES/ppath/results-ymkJF3ZXxV4O0KyspeRhbqXjrPco8fJe/LEFT.log:5	2671	2671	30	125	1
/home/dev_env/VAPER/irma/vaper/assets/flu-amd/IRMA_RES/ppath/results-ymkJF3ZXxV4O0KyspeRhbqXjrPco8fJe/LEFT.log:6	2673	2673	30	125	1
/home/dev_env/VAPER/irma/vaper/assets/flu-amd/IRMA_RES/ppath/results-ymkJF3ZXxV4O0KyspeRhbqXjrPco8fJe/LEFT.log:8	2674	2674	30	125	1
/home/dev_env/VAPER/irma/vaper/assets/flu-amd/IRMA_RES/ppath/results-ymkJF3ZXxV4O0KyspeRhbqXjrPco8fJe/LEFT.log:9	2666	2666	30	125	1
/home/dev_env/VAPER/irma/vaper/assets/flu-amd/IRMA_RES/ppath/results-ymkJF3ZXxV4O0KyspeRhbqXjrPco8fJe/LEFT.log:10	2679	2679	30	125	1
/home/dev_env/VAPER/irma/vaper/assets/flu-amd/IRMA_RES/ppath/results-ymkJF3ZXxV4O0KyspeRhbqXjrPco8fJe/LEFT.log:11	2695	2695	30	125	1
/home/dev_env/VAPER/irma/vaper/assets/flu-amd/IRMA_RES/ppath/results-ymkJF3ZXxV4O0KyspeRhbqXjrPco8fJe/LEFT.log:12	2669	2669	30	125	1
/home/dev_env/VAPER/irma/vaper/assets/flu-amd/IRMA_RES/ppath/results-ymkJF3ZXxV4O0KyspeRhbqXjrPco8fJe/LEFT.log:13	2685	2685	30	125	1
/home/dev_env/VAPER/irma/vaper/assets/flu-amd/IRMA_RES/ppath/results-ymkJF3ZXxV4O0KyspeRhbqXjrPco8fJe/LEFT.log:14	2668	2668	30	125	1
/home/dev_env/VAPER/irma/vaper/assets/flu-amd/IRMA_RES/ppath/results-ymkJF3ZXxV4O0KyspeRhbqXjrPco8fJe/LEFT.log:16	2690	2690	30	125	1
/home/dev_env/VAPER/irma/vaper/assets/flu-amd/IRMA_RES/ppath/results-ymkJF3ZXxV4O0KyspeRhbqXjrPco8fJe/LEFT.log:15	2703	2703	30	125	1
/home/dev_env/VAPER/irma/vaper/assets/flu-amd/IRMA_RES/ppath/results-ymkJF3ZXxV4O0KyspeRhbqXjrPco8fJe/LEFT.log:17	2665	2665	30	125	1
/home/dev_env/VAPER/irma/vaper/assets/flu-amd/IRMA_RES/ppath/results-ymkJF3ZXxV4O0KyspeRhbqXjrPco8fJe/LEFT.log:18	2670	2670	30	125	1
/home/dev_env/VAPER/irma/vaper/assets/flu-amd/IRMA_RES/ppath/results-ymkJF3ZXxV4O0KyspeRhbqXjrPco8fJe/LEFT.log:19	2683	2683	30	125	1
/home/dev_env/VAPER/irma/vaper/assets/flu-amd/IRMA_RES/ppath/results-ymkJF3ZXxV4O0KyspeRhbqXjrPco8fJe/LEFT.log:20	2665	2665	30	125	1
/home/dev_env/VAPER/irma/vaper/assets/flu-amd/IRMA_RES/ppath/results-ymkJF3ZXxV4O0KyspeRhbqXjrPco8fJe/LEFT.log:21	2673	2673	30	125	1
/home/dev_env/VAPER/irma/vaper/assets/flu-amd/IRMA_RES/ppath/results-ymkJF3ZXxV4O0KyspeRhbqXjrPco8fJe/LEFT.log:22	2702	2702	30	125	1
/home/dev_env/VAPER/irma/vaper/assets/flu-amd/IRMA_RES/ppath/results-ymkJF3ZXxV4O0KyspeRhbqXjrPco8fJe/LEFT.log:23	2678	2678	30	125	1
/home/dev_env/VAPER/irma/vaper/assets/flu-amd/IRMA_RES/ppath/results-ymkJF3ZXxV4O0KyspeRhbqXjrPco8fJe/LEFT.log:24	2674	2674	30	125	1
/home/dev_env/VAPER/irma/vaper/assets/flu-amd/IRMA_RES/ppath/results-ymkJF3ZXxV4O0KyspeRhbqXjrPco8fJe/LEFT.log:25	2690	2690	30	125	1
/home/dev_env/VAPER/irma/vaper/assets/flu-amd/IRMA_RES/ppath/results-ymkJF3ZXxV4O0KyspeRhbqXjrPco8fJe/LEFT.log:26	2662	2661	30	125	1
/home/dev_env/VAPER/irma/vaper/assets/flu-amd/IRMA_RES/ppath/results-ymkJF3ZXxV4O0KyspeRhbqXjrPco8fJe/LEFT.log:27	2674	2673	30	125	1
/home/dev_env/VAPER/irma/vaper/assets/flu-amd/IRMA_RES/ppath/results-ymkJF3ZXxV4O0KyspeRhbqXjrPco8fJe/LEFT.log:28	2665	2665	30	125	1
/home/dev_env/VAPER/irma/vaper/assets/flu-amd/IRMA_RES/ppath/results-ymkJF3ZXxV4O0KyspeRhbqXjrPco8fJe/LEFT.log:29	2667	2667	30	125	1
/home/dev_env/VAPER/irma/vaper/assets/flu-amd/IRMA_RES/ppath/results-ymkJF3ZXxV4O0KyspeRhbqXjrPco8fJe/LEFT.log:30	2688	2688	30	125	1
/home/dev_env/VAPER/irma/vaper/assets/flu-amd/IRMA_RES/ppath/results-ymkJF3ZXxV4O0KyspeRhbqXjrPco8fJe/LEFT.log:31	2651	2651	30	125	1
/home/dev_env/VAPER/irma/vaper/assets/flu-amd/IRMA_RES/ppath/results-ymkJF3ZXxV4O0KyspeRhbqXjrPco8fJe/LEFT.log:32	2677	2677	30	125	1
/home/dev_env/VAPER/irma/vaper/assets/flu-amd/IRMA_RES/ppath/results-ymkJF3ZXxV4O0KyspeRhbqXjrPco8fJe/LEFT.log:33	2659	2659	30	125	1
/home/dev_env/VAPER/irma/vaper/assets/flu-amd/IRMA_RES/ppath/results-ymkJF3ZXxV4O0KyspeRhbqXjrPco8fJe/LEFT.log:34	2680	2680	30	125	1
/home/dev_env/VAPER/irma/vaper/assets/flu-amd/IRMA_RES/ppath/results-ymkJF3ZXxV4O0KyspeRhbqXjrPco8fJe/LEFT.log:35	2677	2677	30	125	1
/home/dev_env/VAPER/irma/vaper/assets/flu-amd/IRMA_RES/ppath/results-ymkJF3ZXxV4O0KyspeRhbqXjrPco8fJe/LEFT.log:36	2668	2668	30	125	1
/home/dev_env/VAPER/irma/vaper/assets/flu-amd/IRMA_RES/ppath/results-ymkJF3ZXxV4O0KyspeRhbqXjrPco8fJe/LEFT.log:37	2683	2683	30	125	1
/home/dev_env/VAPER/irma/vaper/assets/flu-amd/IRMA_RES/ppath/results-ymkJF3ZXxV4O0KyspeRhbqXjrPco8fJe/LEFT.log:38	2658	2658	30	125	1
/home/dev_env/VAPER/irma/vaper/assets/flu-amd/IRMA_RES/ppath/results-ymkJF3ZXxV4O0KyspeRhbqXjrPco8fJe/LEFT.log:39	2667	2667	30	125	1
/home/dev_env/VAPER/irma/vaper/assets/flu-amd/IRMA_RES/ppath/results-ymkJF3ZXxV4O0KyspeRhbqXjrPco8fJe/LEFT.log:40	2686	2686	30	125	1
/home/dev_env/VAPER/irma/vaper/assets/flu-amd/IRMA_RES/ppath/results-ymkJF3ZXxV4O0KyspeRhbqXjrPco8fJe/LEFT.log:41	2650	2650	30	125	1
/home/dev_env/VAPER/irma/vaper/assets/flu-amd/IRMA_RES/ppath/results-ymkJF3ZXxV4O0KyspeRhbqXjrPco8fJe/LEFT.log:42	2650	2650	30	125	1
/home/dev_env/VAPER/irma/vaper/assets/flu-amd/IRMA_RES/ppath/results-ymkJF3ZXxV4O0KyspeRhbqXjrPco8fJe/LEFT.log:43	2688	2687	30	125	1
/home/dev_env/VAPER/irma/vaper/assets/flu-amd/IRMA_RES/ppath/results-ymkJF3ZXxV4O0KyspeRhbqXjrPco8fJe/LEFT.log:44	2656	2656	30	125	1
/home/dev_env/VAPER/irma/vaper/assets/flu-amd/IRMA_RES/ppath/results-ymkJF3ZXxV4O0KyspeRhbqXjrPco8fJe/LEFT.log:45	2681	2681	30	125	1
/home/dev_env/VAPER/irma/vaper/assets/flu-amd/IRMA_RES/ppath/results-ymkJF3ZXxV4O0KyspeRhbqXjrPco8fJe/LEFT.log:46	2673	2673	30	125	1
/home/dev_env/VAPER/irma/vaper/assets/flu-amd/IRMA_RES/ppath/results-ymkJF3ZXxV4O0KyspeRhbqXjrPco8fJe/LEFT.log:47	2683	2683	30	125	1
/home/dev_env/VAPER/irma/vaper/assets/flu-amd/IRMA_RES/ppath/results-ymkJF3ZXxV4O0KyspeRhbqXjrPco8fJe/LEFT.log:48	2678	2678	30	125	1
/home/dev_env/VAPER/irma/vaper/assets/flu-amd/IRMA_RES/ppath/results-ymkJF3ZXxV4O0KyspeRhbqXjrPco8fJe/LEFT.log:49	2684	2684	30	125	1
/home/dev_env/VAPER/irma/vaper/assets/flu-amd/IRMA_RES/ppath/results-ymkJF3ZXxV4O0KyspeRhbqXjrPco8fJe/LEFT.log:50	2663	2663	30	125	1
/home/dev_env/VAPER/irma/vaper/assets/flu-amd/IRMA_RES/ppath/results-ymkJF3ZXxV4O0KyspeRhbqXjrPco8fJe/LEFT.log:51	2672	2672	30	125	1
/home/dev_env/VAPER/irma/vaper/assets/flu-amd/IRMA_RES/ppath/results-ymkJF3ZXxV4O0KyspeRhbqXjrPco8fJe/LEFT.log:52	2686	2686	30	125	1
/home/dev_env/VAPER/irma/vaper/assets/flu-amd/IRMA_RES/ppath/results-ymkJF3ZXxV4O0KyspeRhbqXjrPco8fJe/LEFT.log:53	2650	2649	30	125	1
/home/dev_env/VAPER/irma/vaper/assets/flu-amd/IRMA_RES/ppath/results-ymkJF3ZXxV4O0KyspeRhbqXjrPco8fJe/LEFT.log:54	2688	2688	30	125	1
/home/dev_env/VAPER/irma/vaper/assets/flu-amd/IRMA_RES/ppath/results-ymkJF3ZXxV4O0KyspeRhbqXjrPco8fJe/LEFT.log:55	2671	2670	30	125	1
/home/dev_env/VAPER/irma/vaper/assets/flu-amd/IRMA_RES/ppath/results-ymkJF3ZXxV4O0KyspeRhbqXjrPco8fJe/LEFT.log:56	2689	2689	30	125	1
/home/dev_env/VAPER/irma/vaper/assets/flu-amd/IRMA_RES/ppath/results-ymkJF3ZXxV4O0KyspeRhbqXjrPco8fJe/LEFT.log:57	2693	2693	30	125	1
/home/dev_env/VAPER/irma/vaper/assets/flu-amd/IRMA_RES/ppath/results-ymkJF3ZXxV4O0KyspeRhbqXjrPco8fJe/LEFT.log:58	2677	2676	30	125	1
/home/dev_env/VAPER/irma/vaper/assets/flu-amd/IRMA_RES/ppath/results-ymkJF3ZXxV4O0KyspeRhbqXjrPco8fJe/LEFT.log:60	2675	2675	30	125	1
/home/dev_env/VAPER/irma/vaper/assets/flu-amd/IRMA_RES/ppath/results-ymkJF3ZXxV4O0KyspeRhbqXjrPco8fJe/LEFT.log:59	2682	2681	30	125	1
/home/dev_env/VAPER/irma/vaper/assets/flu-amd/IRMA_RES/ppath/results-ymkJF3ZXxV4O0KyspeRhbqXjrPco8fJe/LEFT.log:61	2705	2705	30	125	1
/home/dev_env/VAPER/irma/vaper/assets/flu-amd/IRMA_RES/ppath/results-ymkJF3ZXxV4O0KyspeRhbqXjrPco8fJe/LEFT.log:62	2667	2667	30	125	1
/home/dev_env/VAPER/irma/vaper/assets/flu-amd/IRMA_RES/ppath/results-ymkJF3ZXxV4O0KyspeRhbqXjrPco8fJe/LEFT.log:63	2674	2674	30	125	1
/home/dev_env/VAPER/irma/vaper/assets/flu-amd/IRMA_RES/ppath/results-ymkJF3ZXxV4O0KyspeRhbqXjrPco8fJe/LEFT.log:64	2681	2681	30	125	1
/home/dev_env/VAPER/irma/vaper/assets/flu-amd/IRMA_RES/ppath/results-ymkJF3ZXxV4O0KyspeRhbqXjrPco8fJe/LEFT.log:65	2676	2676	30	125	1
/home/dev_env/VAPER/irma/vaper/assets/flu-amd/IRMA_RES/ppath/results-ymkJF3ZXxV4O0KyspeRhbqXjrPco8fJe/LEFT.log:66	2693	2693	30	125	1
/home/dev_env/VAPER/irma/vaper/assets/flu-amd/IRMA_RES/ppath/results-ymkJF3ZXxV4O0KyspeRhbqXjrPco8fJe/LEFT.log:67	2698	2697	30	125	1
/home/dev_env/VAPER/irma/vaper/assets/flu-amd/IRMA_RES/ppath/results-ymkJF3ZXxV4O0KyspeRhbqXjrPco8fJe/LEFT.log:68	2690	2690	30	125	1
/home/dev_env/VAPER/irma/vaper/assets/flu-amd/IRMA_RES/ppath/results-ymkJF3ZXxV4O0KyspeRhbqXjrPco8fJe/LEFT.log:69	2689	2689	30	125	1
/home/dev_env/VAPER/irma/vaper/assets/flu-amd/IRMA_RES/ppath/results-ymkJF3ZXxV4O0KyspeRhbqXjrPco8fJe/LEFT.log:70	2680	2679	30	125	1
/home/dev_env/VAPER/irma/vaper/assets/flu-amd/IRMA_RES/ppath/results-ymkJF3ZXxV4O0KyspeRhbqXjrPco8fJe/LEFT.log:71	2679	2679	30	125	1
/home/dev_env/VAPER/irma/vaper/assets/flu-amd/IRMA_RES/ppath/results-ymkJF3ZXxV4O0KyspeRhbqXjrPco8fJe/LEFT.log:72	2668	2668	30	125	1
/home/dev_env/VAPER/irma/vaper/assets/flu-amd/IRMA_RES/ppath/results-ymkJF3ZXxV4O0KyspeRhbqXjrPco8fJe/LEFT.log:73	2686	2686	30	125	1
/home/dev_env/VAPER/irma/vaper/assets/flu-amd/IRMA_RES/ppath/results-ymkJF3ZXxV4O0KyspeRhbqXjrPco8fJe/LEFT.log:74	2663	2663	30	125	1
/home/dev_env/VAPER/irma/vaper/assets/flu-amd/IRMA_RES/ppath/results-ymkJF3ZXxV4O0KyspeRhbqXjrPco8fJe/LEFT.log:75	2678	2678	30	125	1
/home/dev_env/VAPER/irma/vaper/assets/flu-amd/IRMA_RES/ppath/results-ymkJF3ZXxV4O0KyspeRhbqXjrPco8fJe/LEFT.log:76	2674	2673	30	125	1
/home/dev_env/VAPER/irma/vaper/assets/flu-amd/IRMA_RES/ppath/results-ymkJF3ZXxV4O0KyspeRhbqXjrPco8fJe/LEFT.log:77	2675	2675	30	125	1
/home/dev_env/VAPER/irma/vaper/assets/flu-amd/IRMA_RES/ppath/results-ymkJF3ZXxV4O0KyspeRhbqXjrPco8fJe/LEFT.log:78	2671	2671	30	125	1
/home/dev_env/VAPER/irma/vaper/assets/flu-amd/IRMA_RES/ppath/results-ymkJF3ZXxV4O0KyspeRhbqXjrPco8fJe/LEFT.log:79	2663	2663	30	125	1
/home/dev_env/VAPER/irma/vaper/assets/flu-amd/IRMA_RES/ppath/results-ymkJF3ZXxV4O0KyspeRhbqXjrPco8fJe/LEFT.log:80	2668	2668	30	125	1
/home/dev_env/VAPER/irma/vaper/assets/flu-amd/IRMA_RES/ppath/results-ymkJF3ZXxV4O0KyspeRhbqXjrPco8fJe/LEFT.log:81	2677	2677	30	125	1
/home/dev_env/VAPER/irma/vaper/assets/flu-amd/IRMA_RES/ppath/results-ymkJF3ZXxV4O0KyspeRhbqXjrPco8fJe/LEFT.log:82	2684	2684	30	125	1
/home/dev_env/VAPER/irma/vaper/assets/flu-amd/IRMA_RES/ppath/results-ymkJF3ZXxV4O0KyspeRhbqXjrPco8fJe/LEFT.log:83	2681	2681	30	125	1
/home/dev_env/VAPER/irma/vaper/assets/flu-amd/IRMA_RES/ppath/results-ymkJF3ZXxV4O0KyspeRhbqXjrPco8fJe/LEFT.log:84	2691	2690	30	125	1
/home/dev_env/VAPER/irma/vaper/assets/flu-amd/IRMA_RES/ppath/results-ymkJF3ZXxV4O0KyspeRhbqXjrPco8fJe/LEFT.log:85	2671	2671	30	125	1
/home/dev_env/VAPER/irma/vaper/assets/flu-amd/IRMA_RES/ppath/results-ymkJF3ZXxV4O0KyspeRhbqXjrPco8fJe/LEFT.log:86	2668	2668	30	125	1
/home/dev_env/VAPER/irma/vaper/assets/flu-amd/IRMA_RES/ppath/results-ymkJF3ZXxV4O0KyspeRhbqXjrPco8fJe/LEFT.log:87	2663	2663	30	125	1
/home/dev_env/VAPER/irma/vaper/assets/flu-amd/IRMA_RES/ppath/results-ymkJF3ZXxV4O0KyspeRhbqXjrPco8fJe/LEFT.log:88	2653	2653	30	125	1
/home/dev_env/VAPER/irma/vaper/assets/flu-amd/IRMA_RES/ppath/results-ymkJF3ZXxV4O0KyspeRhbqXjrPco8fJe/LEFT.log:89	2675	2675	30	125	1
/home/dev_env/VAPER/irma/vaper/assets/flu-amd/IRMA_RES/ppath/results-ymkJF3ZXxV4O0KyspeRhbqXjrPco8fJe/LEFT.log:90	2677	2677	30	125	1
/home/dev_env/VAPER/irma/vaper/assets/flu-amd/IRMA_RES/ppath/results-ymkJF3ZXxV4O0KyspeRhbqXjrPco8fJe/LEFT.log:91	2680	2680	30	125	1
/home/dev_env/VAPER/irma/vaper/assets/flu-amd/IRMA_RES/ppath/results-ymkJF3ZXxV4O0KyspeRhbqXjrPco8fJe/LEFT.log:92	2671	2671	30	125	1
/home/dev_env/VAPER/irma/vaper/assets/flu-amd/IRMA_RES/ppath/results-ymkJF3ZXxV4O0KyspeRhbqXjrPco8fJe/LEFT.log:93	2675	2674	30	125	1
/home/dev_env/VAPER/irma/vaper/assets/flu-amd/IRMA_RES/ppath/results-ymkJF3ZXxV4O0KyspeRhbqXjrPco8fJe/LEFT.log:94	2669	2669	30	125	1
/home/dev_env/VAPER/irma/vaper/assets/flu-amd/IRMA_RES/ppath/results-ymkJF3ZXxV4O0KyspeRhbqXjrPco8fJe/LEFT.log:95	2692	2692	30	125	1
/home/dev_env/VAPER/irma/vaper/assets/flu-amd/IRMA_RES/ppath/results-ymkJF3ZXxV4O0KyspeRhbqXjrPco8fJe/LEFT.log:97	2685	2685	30	125	1
/home/dev_env/VAPER/irma/vaper/assets/flu-amd/IRMA_RES/ppath/results-ymkJF3ZXxV4O0KyspeRhbqXjrPco8fJe/LEFT.log:96	2686	2686	30	125	1
/home/dev_env/VAPER/irma/vaper/assets/flu-amd/IRMA_RES/ppath/results-ymkJF3ZXxV4O0KyspeRhbqXjrPco8fJe/LEFT.log:98	2676	2676	30	125	1
/home/dev_env/VAPER/irma/vaper/assets/flu-amd/IRMA_RES/ppath/results-ymkJF3ZXxV4O0KyspeRhbqXjrPco8fJe/LEFT.log:99	2689	2688	30	125	1
/home/dev_env/VAPER/irma/vaper/assets/flu-amd/IRMA_RES/ppath/results-ymkJF3ZXxV4O0KyspeRhbqXjrPco8fJe/LEFT.log:100	2680	2680	30	125	1
/home/dev_env/VAPER/irma/vaper/assets/flu-amd/IRMA_RES/ppath/results-ymkJF3ZXxV4O0KyspeRhbqXjrPco8fJe/LEFT.log:101	2665	2664	30	125	1
/home/dev_env/VAPER/irma/vaper/assets/flu-amd/IRMA_RES/ppath/results-ymkJF3ZXxV4O0KyspeRhbqXjrPco8fJe/LEFT.log:102	2667	2667	30	125	1
/home/dev_env/VAPER/irma/vaper/assets/flu-amd/IRMA_RES/ppath/results-ymkJF3ZXxV4O0KyspeRhbqXjrPco8fJe/LEFT.log:103	2669	2669	30	125	1
/home/dev_env/VAPER/irma/vaper/assets/flu-amd/IRMA_RES/ppath/results-ymkJF3ZXxV4O0KyspeRhbqXjrPco8fJe/LEFT.log:104	2667	2667	30	125	1
/home/dev_env/VAPER/irma/vaper/assets/flu-amd/IRMA_RES/ppath/results-ymkJF3ZXxV4O0KyspeRhbqXjrPco8fJe/LEFT.log:105	2694	2694	30	125	1
/home/dev_env/VAPER/irma/vaper/assets/flu-amd/IRMA_RES/ppath/results-ymkJF3ZXxV4O0KyspeRhbqXjrPco8fJe/LEFT.log:106	2690	2690	30	125	1
/home/dev_env/VAPER/irma/vaper/assets/flu-amd/IRMA_RES/ppath/results-ymkJF3ZXxV4O0KyspeRhbqXjrPco8fJe/LEFT.log:107	2693	2693	30	125	1
/home/dev_env/VAPER/irma/vaper/assets/flu-amd/IRMA_RES/ppath/results-ymkJF3ZXxV4O0KyspeRhbqXjrPco8fJe/LEFT.log:108	2690	2690	30	125	1
/home/dev_env/VAPER/irma/vaper/assets/flu-amd/IRMA_RES/ppath/results-ymkJF3ZXxV4O0KyspeRhbqXjrPco8fJe/LEFT.log:109	2667	2667	30	125	1
/home/dev_env/VAPER/irma/vaper/assets/flu-amd/IRMA_RES/ppath/results-ymkJF3ZXxV4O0KyspeRhbqXjrPco8fJe/LEFT.log:110	2684	2684	30	125	1
/home/dev_env/VAPER/irma/vaper/assets/flu-amd/IRMA_RES/ppath/results-ymkJF3ZXxV4O0KyspeRhbqXjrPco8fJe/LEFT.log:111	2698	2698	30	125	1
/home/dev_env/VAPER/irma/vaper/assets/flu-amd/IRMA_RES/ppath/results-ymkJF3ZXxV4O0KyspeRhbqXjrPco8fJe/LEFT.log:112	2679	2679	30	125	1
/home/dev_env/VAPER/irma/vaper/assets/flu-amd/IRMA_RES/ppath/results-ymkJF3ZXxV4O0KyspeRhbqXjrPco8fJe/LEFT.log:113	2687	2687	30	125	1
/home/dev_env/VAPER/irma/vaper/assets/flu-amd/IRMA_RES/ppath/results-ymkJF3ZXxV4O0KyspeRhbqXjrPco8fJe/LEFT.log:114	2698	2698	30	125	1
/home/dev_env/VAPER/irma/vaper/assets/flu-amd/IRMA_RES/ppath/results-ymkJF3ZXxV4O0KyspeRhbqXjrPco8fJe/LEFT.log:115	2683	2683	30	125	1
/home/dev_env/VAPER/irma/vaper/assets/flu-amd/IRMA_RES/ppath/results-ymkJF3ZXxV4O0KyspeRhbqXjrPco8fJe/LEFT.log:116	2675	2674	30	125	1
/home/dev_env/VAPER/irma/vaper/assets/flu-amd/IRMA_RES/ppath/results-ymkJF3ZXxV4O0KyspeRhbqXjrPco8fJe/LEFT.log:117	2686	2686	30	125	1
/home/dev_env/VAPER/irma/vaper/assets/flu-amd/IRMA_RES/ppath/results-ymkJF3ZXxV4O0KyspeRhbqXjrPco8fJe/LEFT.log:118	2677	2677	30	125	1
/home/dev_env/VAPER/irma/vaper/assets/flu-amd/IRMA_RES/ppath/results-ymkJF3ZXxV4O0KyspeRhbqXjrPco8fJe/LEFT.log:119	2672	2672	30	125	1
/home/dev_env/VAPER/irma/vaper/assets/flu-amd/IRMA_RES/ppath/results-ymkJF3ZXxV4O0KyspeRhbqXjrPco8fJe/LEFT.log:120	2684	2684	30	125	1
/home/dev_env/VAPER/irma/vaper/assets/flu-amd/IRMA_RES/ppath/results-ymkJF3ZXxV4O0KyspeRhbqXjrPco8fJe/LEFT.log:121	2679	2679	30	125	1
/home/dev_env/VAPER/irma/vaper/assets/flu-amd/IRMA_RES/ppath/results-ymkJF3ZXxV4O0KyspeRhbqXjrPco8fJe/LEFT.log:122	2675	2675	30	125	1
/home/dev_env/VAPER/irma/vaper/assets/flu-amd/IRMA_RES/ppath/results-ymkJF3ZXxV4O0KyspeRhbqXjrPco8fJe/LEFT.log:123	2665	2665	30	125	1
/home/dev_env/VAPER/irma/vaper/assets/flu-amd/IRMA_RES/ppath/results-ymkJF3ZXxV4O0KyspeRhbqXjrPco8fJe/LEFT.log:124	2677	2677	30	125	1
/home/dev_env/VAPER/irma/vaper/assets/flu-amd/IRMA_RES/ppath/results-ymkJF3ZXxV4O0KyspeRhbqXjrPco8fJe/LEFT.log:125	2668	2668	30	125	1
/home/dev_env/VAPER/irma/vaper/assets/flu-amd/IRMA_RES/ppath/results-ymkJF3ZXxV4O0KyspeRhbqXjrPco8fJe/LEFT.log:126	2667	2667	30	125	1
/home/dev_env/VAPER/irma/vaper/assets/flu-amd/IRMA_RES/ppath/results-ymkJF3ZXxV4O0KyspeRhbqXjrPco8fJe/LEFT.log:127	2666	2666	30	125	1
/home/dev_env/VAPER/irma/vaper/assets/flu-amd/IRMA_RES/ppath/results-ymkJF3ZXxV4O0KyspeRhbqXjrPco8fJe/LEFT.log:128	2672	2672	30	125	1
/home/dev_env/VAPER/irma/vaper/assets/flu-amd/IRMA_RES/ppath/results-ymkJF3ZXxV4O0KyspeRhbqXjrPco8fJe/LEFT.log:129	2672	2672	30	125	1
/home/dev_env/VAPER/irma/vaper/assets/flu-amd/IRMA_RES/ppath/results-ymkJF3ZXxV4O0KyspeRhbqXjrPco8fJe/LEFT.log:130	2646	2646	30	125	1
/home/dev_env/VAPER/irma/vaper/assets/flu-amd/IRMA_RES/ppath/results-ymkJF3ZXxV4O0KyspeRhbqXjrPco8fJe/LEFT.log:131	2676	2676	30	125	1
/home/dev_env/VAPER/irma/vaper/assets/flu-amd/IRMA_RES/ppath/results-ymkJF3ZXxV4O0KyspeRhbqXjrPco8fJe/LEFT.log:132	2659	2659	30	125	1
/home/dev_env/VAPER/irma/vaper/assets/flu-amd/IRMA_RES/ppath/results-ymkJF3ZXxV4O0KyspeRhbqXjrPco8fJe/LEFT.log:133	2676	2676	30	125	1
/home/dev_env/VAPER/irma/vaper/assets/flu-amd/IRMA_RES/ppath/results-ymkJF3ZXxV4O0KyspeRhbqXjrPco8fJe/LEFT.log:134	2678	2678	30	125	1
/home/dev_env/VAPER/irma/vaper/assets/flu-amd/IRMA_RES/ppath/results-ymkJF3ZXxV4O0KyspeRhbqXjrPco8fJe/LEFT.log:135	2673	2673	30	125	1
/home/dev_env/VAPER/irma/vaper/assets/flu-amd/IRMA_RES/ppath/results-ymkJF3ZXxV4O0KyspeRhbqXjrPco8fJe/LEFT.log:136	2670	2670	30	125	1
/home/dev_env/VAPER/irma/vaper/assets/flu-amd/IRMA_RES/ppath/results-ymkJF3ZXxV4O0KyspeRhbqXjrPco8fJe/LEFT.log:137	2683	2683	30	125	1
/home/dev_env/VAPER/irma/vaper/assets/flu-amd/IRMA_RES/ppath/results-ymkJF3ZXxV4O0KyspeRhbqXjrPco8fJe/LEFT.log:138	2676	2676	30	125	1
/home/dev_env/VAPER/irma/vaper/assets/flu-amd/IRMA_RES/ppath/results-ymkJF3ZXxV4O0KyspeRhbqXjrPco8fJe/LEFT.log:139	2687	2687	30	125	1
/home/dev_env/VAPER/irma/vaper/assets/flu-amd/IRMA_RES/ppath/results-ymkJF3ZXxV4O0KyspeRhbqXjrPco8fJe/LEFT.log:140	2668	2668	30	125	1
/home/dev_env/VAPER/irma/vaper/assets/flu-amd/IRMA_RES/ppath/results-ymkJF3ZXxV4O0KyspeRhbqXjrPco8fJe/LEFT.log:142	2671	2671	30	125	1
/home/dev_env/VAPER/irma/vaper/assets/flu-amd/IRMA_RES/ppath/results-ymkJF3ZXxV4O0KyspeRhbqXjrPco8fJe/LEFT.log:143	2661	2661	30	125	1
/home/dev_env/VAPER/irma/vaper/assets/flu-amd/IRMA_RES/ppath/results-ymkJF3ZXxV4O0KyspeRhbqXjrPco8fJe/LEFT.log:141	2660	2660	30	125	1
/home/dev_env/VAPER/irma/vaper/assets/flu-amd/IRMA_RES/ppath/results-ymkJF3ZXxV4O0KyspeRhbqXjrPco8fJe/LEFT.log:144	2680	2680	30	125	1
/home/dev_env/VAPER/irma/vaper/assets/flu-amd/IRMA_RES/ppath/results-ymkJF3ZXxV4O0KyspeRhbqXjrPco8fJe/LEFT.log:145	2663	2663	30	125	1
/home/dev_env/VAPER/irma/vaper/assets/flu-amd/IRMA_RES/ppath/results-ymkJF3ZXxV4O0KyspeRhbqXjrPco8fJe/LEFT.log:146	2682	2682	30	125	1
/home/dev_env/VAPER/irma/vaper/assets/flu-amd/IRMA_RES/ppath/results-ymkJF3ZXxV4O0KyspeRhbqXjrPco8fJe/LEFT.log:148	2667	2667	30	125	1
/home/dev_env/VAPER/irma/vaper/assets/flu-amd/IRMA_RES/ppath/results-ymkJF3ZXxV4O0KyspeRhbqXjrPco8fJe/LEFT.log:147	2686	2686	30	125	1
/home/dev_env/VAPER/irma/vaper/assets/flu-amd/IRMA_RES/ppath/results-ymkJF3ZXxV4O0KyspeRhbqXjrPco8fJe/LEFT.log:149	2676	2676	30	125	1
/home/dev_env/VAPER/irma/vaper/assets/flu-amd/IRMA_RES/ppath/results-ymkJF3ZXxV4O0KyspeRhbqXjrPco8fJe/LEFT.log:150	2685	2685	30	125	1
/home/dev_env/VAPER/irma/vaper/assets/flu-amd/IRMA_RES/ppath/results-ymkJF3ZXxV4O0KyspeRhbqXjrPco8fJe/LEFT.log:151	2703	2703	30	125	1
/home/dev_env/VAPER/irma/vaper/assets/flu-amd/IRMA_RES/ppath/results-ymkJF3ZXxV4O0KyspeRhbqXjrPco8fJe/LEFT.log:152	2678	2678	30	125	1
/home/dev_env/VAPER/irma/vaper/assets/flu-amd/IRMA_RES/ppath/results-ymkJF3ZXxV4O0KyspeRhbqXjrPco8fJe/LEFT.log:153	2691	2690	30	125	1
/home/dev_env/VAPER/irma/vaper/assets/flu-amd/IRMA_RES/ppath/results-ymkJF3ZXxV4O0KyspeRhbqXjrPco8fJe/LEFT.log:154	2675	2675	30	125	1
/home/dev_env/VAPER/irma/vaper/assets/flu-amd/IRMA_RES/ppath/results-ymkJF3ZXxV4O0KyspeRhbqXjrPco8fJe/LEFT.log:155	2677	2677	30	125	1
/home/dev_env/VAPER/irma/vaper/assets/flu-amd/IRMA_RES/ppath/results-ymkJF3ZXxV4O0KyspeRhbqXjrPco8fJe/LEFT.log:156	2665	2665	30	125	1
/home/dev_env/VAPER/irma/vaper/assets/flu-amd/IRMA_RES/ppath/results-ymkJF3ZXxV4O0KyspeRhbqXjrPco8fJe/LEFT.log:157	2689	2689	30	125	1
/home/dev_env/VAPER/irma/vaper/assets/flu-amd/IRMA_RES/ppath/results-ymkJF3ZXxV4O0KyspeRhbqXjrPco8fJe/LEFT.log:158	2683	2682	30	125	1
/home/dev_env/VAPER/irma/vaper/assets/flu-amd/IRMA_RES/ppath/results-ymkJF3ZXxV4O0KyspeRhbqXjrPco8fJe/LEFT.log:159	2701	2701	30	125	1
/home/dev_env/VAPER/irma/vaper/assets/flu-amd/IRMA_RES/ppath/results-ymkJF3ZXxV4O0KyspeRhbqXjrPco8fJe/LEFT.log:161	2681	2681	30	125	1
/home/dev_env/VAPER/irma/vaper/assets/flu-amd/IRMA_RES/ppath/results-ymkJF3ZXxV4O0KyspeRhbqXjrPco8fJe/LEFT.log:160	2666	2665	30	125	1
/home/dev_env/VAPER/irma/vaper/assets/flu-amd/IRMA_RES/ppath/results-ymkJF3ZXxV4O0KyspeRhbqXjrPco8fJe/LEFT.log:162	2678	2678	30	125	1
/home/dev_env/VAPER/irma/vaper/assets/flu-amd/IRMA_RES/ppath/results-ymkJF3ZXxV4O0KyspeRhbqXjrPco8fJe/LEFT.log:163	2683	2682	30	125	1
/home/dev_env/VAPER/irma/vaper/assets/flu-amd/IRMA_RES/ppath/results-ymkJF3ZXxV4O0KyspeRhbqXjrPco8fJe/LEFT.log:164	2686	2686	30	125	1
/home/dev_env/VAPER/irma/vaper/assets/flu-amd/IRMA_RES/ppath/results-ymkJF3ZXxV4O0KyspeRhbqXjrPco8fJe/LEFT.log:165	2673	2673	30	125	1
/home/dev_env/VAPER/irma/vaper/assets/flu-amd/IRMA_RES/ppath/results-ymkJF3ZXxV4O0KyspeRhbqXjrPco8fJe/LEFT.log:167	2674	2674	30	125	1
/home/dev_env/VAPER/irma/vaper/assets/flu-amd/IRMA_RES/ppath/results-ymkJF3ZXxV4O0KyspeRhbqXjrPco8fJe/LEFT.log:166	2676	2676	30	125	1
/home/dev_env/VAPER/irma/vaper/assets/flu-amd/IRMA_RES/ppath/results-ymkJF3ZXxV4O0KyspeRhbqXjrPco8fJe/LEFT.log:170	2689	2689	30	125	1
/home/dev_env/VAPER/irma/vaper/assets/flu-amd/IRMA_RES/ppath/results-ymkJF3ZXxV4O0KyspeRhbqXjrPco8fJe/LEFT.log:169	2665	2664	30	125	1
/home/dev_env/VAPER/irma/vaper/assets/flu-amd/IRMA_RES/ppath/results-ymkJF3ZXxV4O0KyspeRhbqXjrPco8fJe/LEFT.log:168	2675	2675	30	125	1
/home/dev_env/VAPER/irma/vaper/assets/flu-amd/IRMA_RES/ppath/results-ymkJF3ZXxV4O0KyspeRhbqXjrPco8fJe/LEFT.log:171	2668	2668	30	125	1
/home/dev_env/VAPER/irma/vaper/assets/flu-amd/IRMA_RES/ppath/results-ymkJF3ZXxV4O0KyspeRhbqXjrPco8fJe/LEFT.log:172	2675	2675	30	125	1
/home/dev_env/VAPER/irma/vaper/assets/flu-amd/IRMA_RES/ppath/results-ymkJF3ZXxV4O0KyspeRhbqXjrPco8fJe/LEFT.log:173	2668	2668	30	125	1
/home/dev_env/VAPER/irma/vaper/assets/flu-amd/IRMA_RES/ppath/results-ymkJF3ZXxV4O0KyspeRhbqXjrPco8fJe/LEFT.log:174	2654	2654	30	125	1
/home/dev_env/VAPER/irma/vaper/assets/flu-amd/IRMA_RES/ppath/results-ymkJF3ZXxV4O0KyspeRhbqXjrPco8fJe/LEFT.log:175	2671	2671	30	125	1
