/home/dev_env/VAPER/irma/flu-amd/IRMA_RES/ppath/WA0964600-8uZ0REZCihp8yrQUU2llj2QOInsSVRyx/LEFT.log:1	2798	2738	30	125	1
/home/dev_env/VAPER/irma/flu-amd/IRMA_RES/ppath/WA0964600-8uZ0REZCihp8yrQUU2llj2QOInsSVRyx/LEFT.log:2	2798	2748	30	125	1
/home/dev_env/VAPER/irma/flu-amd/IRMA_RES/ppath/WA0964600-8uZ0REZCihp8yrQUU2llj2QOInsSVRyx/LEFT.log:3	2798	2743	30	125	1
/home/dev_env/VAPER/irma/flu-amd/IRMA_RES/ppath/WA0964600-8uZ0REZCihp8yrQUU2llj2QOInsSVRyx/LEFT.log:6	2798	2744	30	125	1
/home/dev_env/VAPER/irma/flu-amd/IRMA_RES/ppath/WA0964600-8uZ0REZCihp8yrQUU2llj2QOInsSVRyx/LEFT.log:4	2798	2739	30	125	1
/home/dev_env/VAPER/irma/flu-amd/IRMA_RES/ppath/WA0964600-8uZ0REZCihp8yrQUU2llj2QOInsSVRyx/LEFT.log:5	2798	2752	30	125	1
/home/dev_env/VAPER/irma/flu-amd/IRMA_RES/ppath/WA0964600-8uZ0REZCihp8yrQUU2llj2QOInsSVRyx/LEFT.log:7	2798	2748	30	125	1
/home/dev_env/VAPER/irma/flu-amd/IRMA_RES/ppath/WA0964600-8uZ0REZCihp8yrQUU2llj2QOInsSVRyx/LEFT.log:8	2798	2745	30	125	1
/home/dev_env/VAPER/irma/flu-amd/IRMA_RES/ppath/WA0964600-8uZ0REZCihp8yrQUU2llj2QOInsSVRyx/LEFT.log:9	2798	2744	30	125	1
/home/dev_env/VAPER/irma/flu-amd/IRMA_RES/ppath/WA0964600-8uZ0REZCihp8yrQUU2llj2QOInsSVRyx/LEFT.log:10	2798	2761	30	125	1
/home/dev_env/VAPER/irma/flu-amd/IRMA_RES/ppath/WA0964600-8uZ0REZCihp8yrQUU2llj2QOInsSVRyx/LEFT.log:11	2798	2751	30	125	1
/home/dev_env/VAPER/irma/flu-amd/IRMA_RES/ppath/WA0964600-8uZ0REZCihp8yrQUU2llj2QOInsSVRyx/LEFT.log:13	2798	2743	30	125	1
/home/dev_env/VAPER/irma/flu-amd/IRMA_RES/ppath/WA0964600-8uZ0REZCihp8yrQUU2llj2QOInsSVRyx/LEFT.log:12	2798	2741	30	125	1
/home/dev_env/VAPER/irma/flu-amd/IRMA_RES/ppath/WA0964600-8uZ0REZCihp8yrQUU2llj2QOInsSVRyx/LEFT.log:16	2798	2759	30	125	1
/home/dev_env/VAPER/irma/flu-amd/IRMA_RES/ppath/WA0964600-8uZ0REZCihp8yrQUU2llj2QOInsSVRyx/LEFT.log:15	2798	2750	30	125	1
/home/dev_env/VAPER/irma/flu-amd/IRMA_RES/ppath/WA0964600-8uZ0REZCihp8yrQUU2llj2QOInsSVRyx/LEFT.log:14	2798	2743	30	125	1
/home/dev_env/VAPER/irma/flu-amd/IRMA_RES/ppath/WA0964600-8uZ0REZCihp8yrQUU2llj2QOInsSVRyx/LEFT.log:18	2798	2741	30	125	1
/home/dev_env/VAPER/irma/flu-amd/IRMA_RES/ppath/WA0964600-8uZ0REZCihp8yrQUU2llj2QOInsSVRyx/LEFT.log:17	2798	2760	30	125	1
/home/dev_env/VAPER/irma/flu-amd/IRMA_RES/ppath/WA0964600-8uZ0REZCihp8yrQUU2llj2QOInsSVRyx/LEFT.log:19	2798	2751	30	125	1
/home/dev_env/VAPER/irma/flu-amd/IRMA_RES/ppath/WA0964600-8uZ0REZCihp8yrQUU2llj2QOInsSVRyx/LEFT.log:20	2798	2756	30	125	1
/home/dev_env/VAPER/irma/flu-amd/IRMA_RES/ppath/WA0964600-8uZ0REZCihp8yrQUU2llj2QOInsSVRyx/LEFT.log:21	2798	2751	30	125	1
/home/dev_env/VAPER/irma/flu-amd/IRMA_RES/ppath/WA0964600-8uZ0REZCihp8yrQUU2llj2QOInsSVRyx/LEFT.log:22	2798	2757	30	125	1
/home/dev_env/VAPER/irma/flu-amd/IRMA_RES/ppath/WA0964600-8uZ0REZCihp8yrQUU2llj2QOInsSVRyx/LEFT.log:24	2798	2749	30	125	1
/home/dev_env/VAPER/irma/flu-amd/IRMA_RES/ppath/WA0964600-8uZ0REZCihp8yrQUU2llj2QOInsSVRyx/LEFT.log:23	2798	2750	30	125	1
/home/dev_env/VAPER/irma/flu-amd/IRMA_RES/ppath/WA0964600-8uZ0REZCihp8yrQUU2llj2QOInsSVRyx/LEFT.log:27	2791	2725	30	125	1
/home/dev_env/VAPER/irma/flu-amd/IRMA_RES/ppath/WA0964600-8uZ0REZCihp8yrQUU2llj2QOInsSVRyx/LEFT.log:25	2794	2741	30	125	1
/home/dev_env/VAPER/irma/flu-amd/IRMA_RES/ppath/WA0964600-8uZ0REZCihp8yrQUU2llj2QOInsSVRyx/LEFT.log:26	2791	2731	30	125	1
/home/dev_env/VAPER/irma/flu-amd/IRMA_RES/ppath/WA0964600-8uZ0REZCihp8yrQUU2llj2QOInsSVRyx/LEFT.log:28	2791	2736	30	125	1
/home/dev_env/VAPER/irma/flu-amd/IRMA_RES/ppath/WA0964600-8uZ0REZCihp8yrQUU2llj2QOInsSVRyx/LEFT.log:29	2791	2741	30	125	1
/home/dev_env/VAPER/irma/flu-amd/IRMA_RES/ppath/WA0964600-8uZ0REZCihp8yrQUU2llj2QOInsSVRyx/LEFT.log:30	2791	2721	30	125	1
/home/dev_env/VAPER/irma/flu-amd/IRMA_RES/ppath/WA0964600-8uZ0REZCihp8yrQUU2llj2QOInsSVRyx/LEFT.log:32	2791	2748	30	125	1
/home/dev_env/VAPER/irma/flu-amd/IRMA_RES/ppath/WA0964600-8uZ0REZCihp8yrQUU2llj2QOInsSVRyx/LEFT.log:31	2791	2736	30	125	1
/home/dev_env/VAPER/irma/flu-amd/IRMA_RES/ppath/WA0964600-8uZ0REZCihp8yrQUU2llj2QOInsSVRyx/LEFT.log:34	2791	2739	30	125	1
/home/dev_env/VAPER/irma/flu-amd/IRMA_RES/ppath/WA0964600-8uZ0REZCihp8yrQUU2llj2QOInsSVRyx/LEFT.log:33	2791	2738	30	125	1
/home/dev_env/VAPER/irma/flu-amd/IRMA_RES/ppath/WA0964600-8uZ0REZCihp8yrQUU2llj2QOInsSVRyx/LEFT.log:37	2791	2742	30	125	1
/home/dev_env/VAPER/irma/flu-amd/IRMA_RES/ppath/WA0964600-8uZ0REZCihp8yrQUU2llj2QOInsSVRyx/LEFT.log:35	2791	2721	30	125	1
/home/dev_env/VAPER/irma/flu-amd/IRMA_RES/ppath/WA0964600-8uZ0REZCihp8yrQUU2llj2QOInsSVRyx/LEFT.log:36	2791	2723	30	125	1
/home/dev_env/VAPER/irma/flu-amd/IRMA_RES/ppath/WA0964600-8uZ0REZCihp8yrQUU2llj2QOInsSVRyx/LEFT.log:38	2791	2736	30	125	1
/home/dev_env/VAPER/irma/flu-amd/IRMA_RES/ppath/WA0964600-8uZ0REZCihp8yrQUU2llj2QOInsSVRyx/LEFT.log:39	2791	2732	30	125	1
/home/dev_env/VAPER/irma/flu-amd/IRMA_RES/ppath/WA0964600-8uZ0REZCihp8yrQUU2llj2QOInsSVRyx/LEFT.log:40	2791	2728	30	125	1
/home/dev_env/VAPER/irma/flu-amd/IRMA_RES/ppath/WA0964600-8uZ0REZCihp8yrQUU2llj2QOInsSVRyx/LEFT.log:41	2791	2726	30	125	1
/home/dev_env/VAPER/irma/flu-amd/IRMA_RES/ppath/WA0964600-8uZ0REZCihp8yrQUU2llj2QOInsSVRyx/LEFT.log:42	2791	2729	30	125	1
/home/dev_env/VAPER/irma/flu-amd/IRMA_RES/ppath/WA0964600-8uZ0REZCihp8yrQUU2llj2QOInsSVRyx/LEFT.log:45	2791	2743	30	125	1
/home/dev_env/VAPER/irma/flu-amd/IRMA_RES/ppath/WA0964600-8uZ0REZCihp8yrQUU2llj2QOInsSVRyx/LEFT.log:43	2791	2725	30	125	1
/home/dev_env/VAPER/irma/flu-amd/IRMA_RES/ppath/WA0964600-8uZ0REZCihp8yrQUU2llj2QOInsSVRyx/LEFT.log:44	2791	2727	30	125	1
/home/dev_env/VAPER/irma/flu-amd/IRMA_RES/ppath/WA0964600-8uZ0REZCihp8yrQUU2llj2QOInsSVRyx/LEFT.log:46	2791	2722	30	125	1
/home/dev_env/VAPER/irma/flu-amd/IRMA_RES/ppath/WA0964600-8uZ0REZCihp8yrQUU2llj2QOInsSVRyx/LEFT.log:47	2791	2730	30	125	1
/home/dev_env/VAPER/irma/flu-amd/IRMA_RES/ppath/WA0964600-8uZ0REZCihp8yrQUU2llj2QOInsSVRyx/LEFT.log:48	2791	2718	30	125	1
/home/dev_env/VAPER/irma/flu-amd/IRMA_RES/ppath/WA0964600-8uZ0REZCihp8yrQUU2llj2QOInsSVRyx/LEFT.log:49	2791	2699	30	125	1
/home/dev_env/VAPER/irma/flu-amd/IRMA_RES/ppath/WA0964600-8uZ0REZCihp8yrQUU2llj2QOInsSVRyx/LEFT.log:50	2791	2719	30	125	1
/home/dev_env/VAPER/irma/flu-amd/IRMA_RES/ppath/WA0964600-8uZ0REZCihp8yrQUU2llj2QOInsSVRyx/LEFT.log:51	2794	2728	30	125	1
/home/dev_env/VAPER/irma/flu-amd/IRMA_RES/ppath/WA0964600-8uZ0REZCihp8yrQUU2llj2QOInsSVRyx/LEFT.log:53	2798	2749	30	125	1
/home/dev_env/VAPER/irma/flu-amd/IRMA_RES/ppath/WA0964600-8uZ0REZCihp8yrQUU2llj2QOInsSVRyx/LEFT.log:52	2798	2752	30	125	1
/home/dev_env/VAPER/irma/flu-amd/IRMA_RES/ppath/WA0964600-8uZ0REZCihp8yrQUU2llj2QOInsSVRyx/LEFT.log:54	2798	2746	30	125	1
/home/dev_env/VAPER/irma/flu-amd/IRMA_RES/ppath/WA0964600-8uZ0REZCihp8yrQUU2llj2QOInsSVRyx/LEFT.log:55	2798	2741	30	125	1
/home/dev_env/VAPER/irma/flu-amd/IRMA_RES/ppath/WA0964600-8uZ0REZCihp8yrQUU2llj2QOInsSVRyx/LEFT.log:56	2798	2765	30	125	1
/home/dev_env/VAPER/irma/flu-amd/IRMA_RES/ppath/WA0964600-8uZ0REZCihp8yrQUU2llj2QOInsSVRyx/LEFT.log:57	2798	2758	30	125	1
/home/dev_env/VAPER/irma/flu-amd/IRMA_RES/ppath/WA0964600-8uZ0REZCihp8yrQUU2llj2QOInsSVRyx/LEFT.log:58	2798	2754	30	125	1
/home/dev_env/VAPER/irma/flu-amd/IRMA_RES/ppath/WA0964600-8uZ0REZCihp8yrQUU2llj2QOInsSVRyx/LEFT.log:60	2798	2736	30	125	1
/home/dev_env/VAPER/irma/flu-amd/IRMA_RES/ppath/WA0964600-8uZ0REZCihp8yrQUU2llj2QOInsSVRyx/LEFT.log:61	2798	2747	30	125	1
/home/dev_env/VAPER/irma/flu-amd/IRMA_RES/ppath/WA0964600-8uZ0REZCihp8yrQUU2llj2QOInsSVRyx/LEFT.log:59	2798	2758	30	125	1
/home/dev_env/VAPER/irma/flu-amd/IRMA_RES/ppath/WA0964600-8uZ0REZCihp8yrQUU2llj2QOInsSVRyx/LEFT.log:62	2798	2749	30	125	1
/home/dev_env/VAPER/irma/flu-amd/IRMA_RES/ppath/WA0964600-8uZ0REZCihp8yrQUU2llj2QOInsSVRyx/LEFT.log:63	2798	2760	30	125	1
/home/dev_env/VAPER/irma/flu-amd/IRMA_RES/ppath/WA0964600-8uZ0REZCihp8yrQUU2llj2QOInsSVRyx/LEFT.log:64	2798	2751	30	125	1
/home/dev_env/VAPER/irma/flu-amd/IRMA_RES/ppath/WA0964600-8uZ0REZCihp8yrQUU2llj2QOInsSVRyx/LEFT.log:66	2798	2746	30	125	1
/home/dev_env/VAPER/irma/flu-amd/IRMA_RES/ppath/WA0964600-8uZ0REZCihp8yrQUU2llj2QOInsSVRyx/LEFT.log:65	2798	2739	30	125	1
/home/dev_env/VAPER/irma/flu-amd/IRMA_RES/ppath/WA0964600-8uZ0REZCihp8yrQUU2llj2QOInsSVRyx/LEFT.log:69	2798	2761	30	125	1
/home/dev_env/VAPER/irma/flu-amd/IRMA_RES/ppath/WA0964600-8uZ0REZCihp8yrQUU2llj2QOInsSVRyx/LEFT.log:67	2798	2752	30	125	1
/home/dev_env/VAPER/irma/flu-amd/IRMA_RES/ppath/WA0964600-8uZ0REZCihp8yrQUU2llj2QOInsSVRyx/LEFT.log:70	2798	2758	30	125	1
/home/dev_env/VAPER/irma/flu-amd/IRMA_RES/ppath/WA0964600-8uZ0REZCihp8yrQUU2llj2QOInsSVRyx/LEFT.log:68	2798	2748	30	125	1
/home/dev_env/VAPER/irma/flu-amd/IRMA_RES/ppath/WA0964600-8uZ0REZCihp8yrQUU2llj2QOInsSVRyx/LEFT.log:72	2798	2750	30	125	1
/home/dev_env/VAPER/irma/flu-amd/IRMA_RES/ppath/WA0964600-8uZ0REZCihp8yrQUU2llj2QOInsSVRyx/LEFT.log:71	2798	2746	30	125	1
/home/dev_env/VAPER/irma/flu-amd/IRMA_RES/ppath/WA0964600-8uZ0REZCihp8yrQUU2llj2QOInsSVRyx/LEFT.log:73	2798	2752	30	125	1
/home/dev_env/VAPER/irma/flu-amd/IRMA_RES/ppath/WA0964600-8uZ0REZCihp8yrQUU2llj2QOInsSVRyx/LEFT.log:74	2798	2745	30	125	1
/home/dev_env/VAPER/irma/flu-amd/IRMA_RES/ppath/WA0964600-8uZ0REZCihp8yrQUU2llj2QOInsSVRyx/LEFT.log:75	2797	2753	30	125	1
/home/dev_env/VAPER/irma/flu-amd/IRMA_RES/ppath/WA0964600-8uZ0REZCihp8yrQUU2llj2QOInsSVRyx/LEFT.log:76	2791	2745	30	125	1
/home/dev_env/VAPER/irma/flu-amd/IRMA_RES/ppath/WA0964600-8uZ0REZCihp8yrQUU2llj2QOInsSVRyx/LEFT.log:77	2791	2742	30	125	1
/home/dev_env/VAPER/irma/flu-amd/IRMA_RES/ppath/WA0964600-8uZ0REZCihp8yrQUU2llj2QOInsSVRyx/LEFT.log:78	2791	2737	30	125	1
/home/dev_env/VAPER/irma/flu-amd/IRMA_RES/ppath/WA0964600-8uZ0REZCihp8yrQUU2llj2QOInsSVRyx/LEFT.log:79	2791	2747	30	125	1
/home/dev_env/VAPER/irma/flu-amd/IRMA_RES/ppath/WA0964600-8uZ0REZCihp8yrQUU2llj2QOInsSVRyx/LEFT.log:80	2791	2742	30	125	1
/home/dev_env/VAPER/irma/flu-amd/IRMA_RES/ppath/WA0964600-8uZ0REZCihp8yrQUU2llj2QOInsSVRyx/LEFT.log:81	2791	2735	30	125	1
/home/dev_env/VAPER/irma/flu-amd/IRMA_RES/ppath/WA0964600-8uZ0REZCihp8yrQUU2llj2QOInsSVRyx/LEFT.log:82	2791	2733	30	125	1
/home/dev_env/VAPER/irma/flu-amd/IRMA_RES/ppath/WA0964600-8uZ0REZCihp8yrQUU2llj2QOInsSVRyx/LEFT.log:83	2791	2745	30	125	1
/home/dev_env/VAPER/irma/flu-amd/IRMA_RES/ppath/WA0964600-8uZ0REZCihp8yrQUU2llj2QOInsSVRyx/LEFT.log:84	2791	2738	30	125	1
/home/dev_env/VAPER/irma/flu-amd/IRMA_RES/ppath/WA0964600-8uZ0REZCihp8yrQUU2llj2QOInsSVRyx/LEFT.log:85	2791	2726	30	125	1
/home/dev_env/VAPER/irma/flu-amd/IRMA_RES/ppath/WA0964600-8uZ0REZCihp8yrQUU2llj2QOInsSVRyx/LEFT.log:86	2791	2725	30	125	1
/home/dev_env/VAPER/irma/flu-amd/IRMA_RES/ppath/WA0964600-8uZ0REZCihp8yrQUU2llj2QOInsSVRyx/LEFT.log:87	2791	2732	30	125	1
/home/dev_env/VAPER/irma/flu-amd/IRMA_RES/ppath/WA0964600-8uZ0REZCihp8yrQUU2llj2QOInsSVRyx/LEFT.log:88	2791	2741	30	125	1
/home/dev_env/VAPER/irma/flu-amd/IRMA_RES/ppath/WA0964600-8uZ0REZCihp8yrQUU2llj2QOInsSVRyx/LEFT.log:89	2791	2735	30	125	1
/home/dev_env/VAPER/irma/flu-amd/IRMA_RES/ppath/WA0964600-8uZ0REZCihp8yrQUU2llj2QOInsSVRyx/LEFT.log:90	2791	2704	30	125	1
/home/dev_env/VAPER/irma/flu-amd/IRMA_RES/ppath/WA0964600-8uZ0REZCihp8yrQUU2llj2QOInsSVRyx/LEFT.log:91	2791	2726	30	125	1
/home/dev_env/VAPER/irma/flu-amd/IRMA_RES/ppath/WA0964600-8uZ0REZCihp8yrQUU2llj2QOInsSVRyx/LEFT.log:92	2791	2728	30	125	1
/home/dev_env/VAPER/irma/flu-amd/IRMA_RES/ppath/WA0964600-8uZ0REZCihp8yrQUU2llj2QOInsSVRyx/LEFT.log:93	2791	2746	30	125	1
/home/dev_env/VAPER/irma/flu-amd/IRMA_RES/ppath/WA0964600-8uZ0REZCihp8yrQUU2llj2QOInsSVRyx/LEFT.log:94	2791	2720	30	125	1
/home/dev_env/VAPER/irma/flu-amd/IRMA_RES/ppath/WA0964600-8uZ0REZCihp8yrQUU2llj2QOInsSVRyx/LEFT.log:95	2791	2745	30	125	1
/home/dev_env/VAPER/irma/flu-amd/IRMA_RES/ppath/WA0964600-8uZ0REZCihp8yrQUU2llj2QOInsSVRyx/LEFT.log:96	2791	2734	30	125	1
/home/dev_env/VAPER/irma/flu-amd/IRMA_RES/ppath/WA0964600-8uZ0REZCihp8yrQUU2llj2QOInsSVRyx/LEFT.log:97	2791	2717	30	125	1
/home/dev_env/VAPER/irma/flu-amd/IRMA_RES/ppath/WA0964600-8uZ0REZCihp8yrQUU2llj2QOInsSVRyx/LEFT.log:98	2791	2732	30	125	1
/home/dev_env/VAPER/irma/flu-amd/IRMA_RES/ppath/WA0964600-8uZ0REZCihp8yrQUU2llj2QOInsSVRyx/LEFT.log:99	2791	2714	30	125	1
/home/dev_env/VAPER/irma/flu-amd/IRMA_RES/ppath/WA0964600-8uZ0REZCihp8yrQUU2llj2QOInsSVRyx/LEFT.log:100	2791	2719	30	125	1
/home/dev_env/VAPER/irma/flu-amd/IRMA_RES/ppath/WA0964600-8uZ0REZCihp8yrQUU2llj2QOInsSVRyx/LEFT.log:102	2796	2720	30	125	1
/home/dev_env/VAPER/irma/flu-amd/IRMA_RES/ppath/WA0964600-8uZ0REZCihp8yrQUU2llj2QOInsSVRyx/LEFT.log:101	2791	2708	30	125	1
/home/dev_env/VAPER/irma/flu-amd/IRMA_RES/ppath/WA0964600-8uZ0REZCihp8yrQUU2llj2QOInsSVRyx/LEFT.log:103	2798	2751	30	125	1
/home/dev_env/VAPER/irma/flu-amd/IRMA_RES/ppath/WA0964600-8uZ0REZCihp8yrQUU2llj2QOInsSVRyx/LEFT.log:104	2798	2751	30	125	1
/home/dev_env/VAPER/irma/flu-amd/IRMA_RES/ppath/WA0964600-8uZ0REZCihp8yrQUU2llj2QOInsSVRyx/LEFT.log:105	2798	2749	30	125	1
/home/dev_env/VAPER/irma/flu-amd/IRMA_RES/ppath/WA0964600-8uZ0REZCihp8yrQUU2llj2QOInsSVRyx/LEFT.log:106	2798	2750	30	125	1
/home/dev_env/VAPER/irma/flu-amd/IRMA_RES/ppath/WA0964600-8uZ0REZCihp8yrQUU2llj2QOInsSVRyx/LEFT.log:107	2798	2747	30	125	1
/home/dev_env/VAPER/irma/flu-amd/IRMA_RES/ppath/WA0964600-8uZ0REZCihp8yrQUU2llj2QOInsSVRyx/LEFT.log:108	2798	2754	30	125	1
/home/dev_env/VAPER/irma/flu-amd/IRMA_RES/ppath/WA0964600-8uZ0REZCihp8yrQUU2llj2QOInsSVRyx/LEFT.log:109	2798	2737	30	125	1
/home/dev_env/VAPER/irma/flu-amd/IRMA_RES/ppath/WA0964600-8uZ0REZCihp8yrQUU2llj2QOInsSVRyx/LEFT.log:110	2798	2746	30	125	1
/home/dev_env/VAPER/irma/flu-amd/IRMA_RES/ppath/WA0964600-8uZ0REZCihp8yrQUU2llj2QOInsSVRyx/LEFT.log:111	2798	2750	30	125	1
/home/dev_env/VAPER/irma/flu-amd/IRMA_RES/ppath/WA0964600-8uZ0REZCihp8yrQUU2llj2QOInsSVRyx/LEFT.log:112	2798	2758	30	125	1
/home/dev_env/VAPER/irma/flu-amd/IRMA_RES/ppath/WA0964600-8uZ0REZCihp8yrQUU2llj2QOInsSVRyx/LEFT.log:113	2798	2751	30	125	1
/home/dev_env/VAPER/irma/flu-amd/IRMA_RES/ppath/WA0964600-8uZ0REZCihp8yrQUU2llj2QOInsSVRyx/LEFT.log:114	2798	2752	30	125	1
/home/dev_env/VAPER/irma/flu-amd/IRMA_RES/ppath/WA0964600-8uZ0REZCihp8yrQUU2llj2QOInsSVRyx/LEFT.log:115	2798	2754	30	125	1
/home/dev_env/VAPER/irma/flu-amd/IRMA_RES/ppath/WA0964600-8uZ0REZCihp8yrQUU2llj2QOInsSVRyx/LEFT.log:116	2798	2764	30	125	1
/home/dev_env/VAPER/irma/flu-amd/IRMA_RES/ppath/WA0964600-8uZ0REZCihp8yrQUU2llj2QOInsSVRyx/LEFT.log:117	2798	2759	30	125	1
/home/dev_env/VAPER/irma/flu-amd/IRMA_RES/ppath/WA0964600-8uZ0REZCihp8yrQUU2llj2QOInsSVRyx/LEFT.log:118	2798	2759	30	125	1
/home/dev_env/VAPER/irma/flu-amd/IRMA_RES/ppath/WA0964600-8uZ0REZCihp8yrQUU2llj2QOInsSVRyx/LEFT.log:119	2798	2756	30	125	1
/home/dev_env/VAPER/irma/flu-amd/IRMA_RES/ppath/WA0964600-8uZ0REZCihp8yrQUU2llj2QOInsSVRyx/LEFT.log:120	2798	2753	30	125	1
/home/dev_env/VAPER/irma/flu-amd/IRMA_RES/ppath/WA0964600-8uZ0REZCihp8yrQUU2llj2QOInsSVRyx/LEFT.log:121	2798	2756	30	125	1
/home/dev_env/VAPER/irma/flu-amd/IRMA_RES/ppath/WA0964600-8uZ0REZCihp8yrQUU2llj2QOInsSVRyx/LEFT.log:122	2798	2754	30	125	1
/home/dev_env/VAPER/irma/flu-amd/IRMA_RES/ppath/WA0964600-8uZ0REZCihp8yrQUU2llj2QOInsSVRyx/LEFT.log:123	2798	2749	30	125	1
/home/dev_env/VAPER/irma/flu-amd/IRMA_RES/ppath/WA0964600-8uZ0REZCihp8yrQUU2llj2QOInsSVRyx/LEFT.log:124	2798	2739	30	125	1
/home/dev_env/VAPER/irma/flu-amd/IRMA_RES/ppath/WA0964600-8uZ0REZCihp8yrQUU2llj2QOInsSVRyx/LEFT.log:125	2798	2749	30	125	1
/home/dev_env/VAPER/irma/flu-amd/IRMA_RES/ppath/WA0964600-8uZ0REZCihp8yrQUU2llj2QOInsSVRyx/LEFT.log:126	2798	2747	30	125	1
/home/dev_env/VAPER/irma/flu-amd/IRMA_RES/ppath/WA0964600-8uZ0REZCihp8yrQUU2llj2QOInsSVRyx/LEFT.log:127	2791	2749	30	125	1
/home/dev_env/VAPER/irma/flu-amd/IRMA_RES/ppath/WA0964600-8uZ0REZCihp8yrQUU2llj2QOInsSVRyx/LEFT.log:128	2791	2742	30	125	1
/home/dev_env/VAPER/irma/flu-amd/IRMA_RES/ppath/WA0964600-8uZ0REZCihp8yrQUU2llj2QOInsSVRyx/LEFT.log:129	2791	2742	30	125	1
/home/dev_env/VAPER/irma/flu-amd/IRMA_RES/ppath/WA0964600-8uZ0REZCihp8yrQUU2llj2QOInsSVRyx/LEFT.log:130	2791	2740	30	125	1
/home/dev_env/VAPER/irma/flu-amd/IRMA_RES/ppath/WA0964600-8uZ0REZCihp8yrQUU2llj2QOInsSVRyx/LEFT.log:131	2791	2749	30	125	1
/home/dev_env/VAPER/irma/flu-amd/IRMA_RES/ppath/WA0964600-8uZ0REZCihp8yrQUU2llj2QOInsSVRyx/LEFT.log:132	2791	2738	30	125	1
/home/dev_env/VAPER/irma/flu-amd/IRMA_RES/ppath/WA0964600-8uZ0REZCihp8yrQUU2llj2QOInsSVRyx/LEFT.log:134	2791	2731	30	125	1
/home/dev_env/VAPER/irma/flu-amd/IRMA_RES/ppath/WA0964600-8uZ0REZCihp8yrQUU2llj2QOInsSVRyx/LEFT.log:133	2791	2756	30	125	1
/home/dev_env/VAPER/irma/flu-amd/IRMA_RES/ppath/WA0964600-8uZ0REZCihp8yrQUU2llj2QOInsSVRyx/LEFT.log:136	2791	2736	30	125	1
/home/dev_env/VAPER/irma/flu-amd/IRMA_RES/ppath/WA0964600-8uZ0REZCihp8yrQUU2llj2QOInsSVRyx/LEFT.log:135	2791	2724	30	125	1
/home/dev_env/VAPER/irma/flu-amd/IRMA_RES/ppath/WA0964600-8uZ0REZCihp8yrQUU2llj2QOInsSVRyx/LEFT.log:139	2791	2734	30	125	1
/home/dev_env/VAPER/irma/flu-amd/IRMA_RES/ppath/WA0964600-8uZ0REZCihp8yrQUU2llj2QOInsSVRyx/LEFT.log:138	2791	2738	30	125	1
/home/dev_env/VAPER/irma/flu-amd/IRMA_RES/ppath/WA0964600-8uZ0REZCihp8yrQUU2llj2QOInsSVRyx/LEFT.log:137	2791	2735	30	125	1
/home/dev_env/VAPER/irma/flu-amd/IRMA_RES/ppath/WA0964600-8uZ0REZCihp8yrQUU2llj2QOInsSVRyx/LEFT.log:140	2791	2731	30	125	1
/home/dev_env/VAPER/irma/flu-amd/IRMA_RES/ppath/WA0964600-8uZ0REZCihp8yrQUU2llj2QOInsSVRyx/LEFT.log:141	2791	2739	30	125	1
/home/dev_env/VAPER/irma/flu-amd/IRMA_RES/ppath/WA0964600-8uZ0REZCihp8yrQUU2llj2QOInsSVRyx/LEFT.log:142	2791	2723	30	125	1
/home/dev_env/VAPER/irma/flu-amd/IRMA_RES/ppath/WA0964600-8uZ0REZCihp8yrQUU2llj2QOInsSVRyx/LEFT.log:143	2791	2724	30	125	1
/home/dev_env/VAPER/irma/flu-amd/IRMA_RES/ppath/WA0964600-8uZ0REZCihp8yrQUU2llj2QOInsSVRyx/LEFT.log:144	2791	2747	30	125	1
/home/dev_env/VAPER/irma/flu-amd/IRMA_RES/ppath/WA0964600-8uZ0REZCihp8yrQUU2llj2QOInsSVRyx/LEFT.log:145	2791	2726	30	125	1
/home/dev_env/VAPER/irma/flu-amd/IRMA_RES/ppath/WA0964600-8uZ0REZCihp8yrQUU2llj2QOInsSVRyx/LEFT.log:146	2791	2739	30	125	1
/home/dev_env/VAPER/irma/flu-amd/IRMA_RES/ppath/WA0964600-8uZ0REZCihp8yrQUU2llj2QOInsSVRyx/LEFT.log:147	2791	2726	30	125	1
/home/dev_env/VAPER/irma/flu-amd/IRMA_RES/ppath/WA0964600-8uZ0REZCihp8yrQUU2llj2QOInsSVRyx/LEFT.log:148	2791	2717	30	125	1
/home/dev_env/VAPER/irma/flu-amd/IRMA_RES/ppath/WA0964600-8uZ0REZCihp8yrQUU2llj2QOInsSVRyx/LEFT.log:149	2791	2717	30	125	1
/home/dev_env/VAPER/irma/flu-amd/IRMA_RES/ppath/WA0964600-8uZ0REZCihp8yrQUU2llj2QOInsSVRyx/LEFT.log:150	2791	2735	30	125	1
/home/dev_env/VAPER/irma/flu-amd/IRMA_RES/ppath/WA0964600-8uZ0REZCihp8yrQUU2llj2QOInsSVRyx/LEFT.log:151	2791	2721	30	125	1
/home/dev_env/VAPER/irma/flu-amd/IRMA_RES/ppath/WA0964600-8uZ0REZCihp8yrQUU2llj2QOInsSVRyx/LEFT.log:152	2791	2720	30	125	1
/home/dev_env/VAPER/irma/flu-amd/IRMA_RES/ppath/WA0964600-8uZ0REZCihp8yrQUU2llj2QOInsSVRyx/LEFT.log:155	2798	2753	30	125	1
/home/dev_env/VAPER/irma/flu-amd/IRMA_RES/ppath/WA0964600-8uZ0REZCihp8yrQUU2llj2QOInsSVRyx/LEFT.log:153	2793	2701	30	125	1
/home/dev_env/VAPER/irma/flu-amd/IRMA_RES/ppath/WA0964600-8uZ0REZCihp8yrQUU2llj2QOInsSVRyx/LEFT.log:154	2798	2742	30	125	1
/home/dev_env/VAPER/irma/flu-amd/IRMA_RES/ppath/WA0964600-8uZ0REZCihp8yrQUU2llj2QOInsSVRyx/LEFT.log:158	2798	2746	30	125	1
/home/dev_env/VAPER/irma/flu-amd/IRMA_RES/ppath/WA0964600-8uZ0REZCihp8yrQUU2llj2QOInsSVRyx/LEFT.log:156	2798	2756	30	125	1
/home/dev_env/VAPER/irma/flu-amd/IRMA_RES/ppath/WA0964600-8uZ0REZCihp8yrQUU2llj2QOInsSVRyx/LEFT.log:157	2798	2749	30	125	1
/home/dev_env/VAPER/irma/flu-amd/IRMA_RES/ppath/WA0964600-8uZ0REZCihp8yrQUU2llj2QOInsSVRyx/LEFT.log:159	2798	2761	30	125	1
/home/dev_env/VAPER/irma/flu-amd/IRMA_RES/ppath/WA0964600-8uZ0REZCihp8yrQUU2llj2QOInsSVRyx/LEFT.log:160	2798	2762	30	125	1
/home/dev_env/VAPER/irma/flu-amd/IRMA_RES/ppath/WA0964600-8uZ0REZCihp8yrQUU2llj2QOInsSVRyx/LEFT.log:161	2798	2751	30	125	1
/home/dev_env/VAPER/irma/flu-amd/IRMA_RES/ppath/WA0964600-8uZ0REZCihp8yrQUU2llj2QOInsSVRyx/LEFT.log:163	2798	2760	30	125	1
/home/dev_env/VAPER/irma/flu-amd/IRMA_RES/ppath/WA0964600-8uZ0REZCihp8yrQUU2llj2QOInsSVRyx/LEFT.log:162	2798	2760	30	125	1
/home/dev_env/VAPER/irma/flu-amd/IRMA_RES/ppath/WA0964600-8uZ0REZCihp8yrQUU2llj2QOInsSVRyx/LEFT.log:164	2798	2766	30	125	1
/home/dev_env/VAPER/irma/flu-amd/IRMA_RES/ppath/WA0964600-8uZ0REZCihp8yrQUU2llj2QOInsSVRyx/LEFT.log:166	2798	2752	30	125	1
/home/dev_env/VAPER/irma/flu-amd/IRMA_RES/ppath/WA0964600-8uZ0REZCihp8yrQUU2llj2QOInsSVRyx/LEFT.log:165	2798	2755	30	125	1
/home/dev_env/VAPER/irma/flu-amd/IRMA_RES/ppath/WA0964600-8uZ0REZCihp8yrQUU2llj2QOInsSVRyx/LEFT.log:167	2798	2746	30	125	1
/home/dev_env/VAPER/irma/flu-amd/IRMA_RES/ppath/WA0964600-8uZ0REZCihp8yrQUU2llj2QOInsSVRyx/LEFT.log:168	2798	2750	30	125	1
/home/dev_env/VAPER/irma/flu-amd/IRMA_RES/ppath/WA0964600-8uZ0REZCihp8yrQUU2llj2QOInsSVRyx/LEFT.log:169	2798	2760	30	125	1
/home/dev_env/VAPER/irma/flu-amd/IRMA_RES/ppath/WA0964600-8uZ0REZCihp8yrQUU2llj2QOInsSVRyx/LEFT.log:170	2798	2760	30	125	1
/home/dev_env/VAPER/irma/flu-amd/IRMA_RES/ppath/WA0964600-8uZ0REZCihp8yrQUU2llj2QOInsSVRyx/LEFT.log:171	2798	2761	30	125	1
/home/dev_env/VAPER/irma/flu-amd/IRMA_RES/ppath/WA0964600-8uZ0REZCihp8yrQUU2llj2QOInsSVRyx/LEFT.log:173	2798	2762	30	125	1
/home/dev_env/VAPER/irma/flu-amd/IRMA_RES/ppath/WA0964600-8uZ0REZCihp8yrQUU2llj2QOInsSVRyx/LEFT.log:172	2798	2759	30	125	1
/home/dev_env/VAPER/irma/flu-amd/IRMA_RES/ppath/WA0964600-8uZ0REZCihp8yrQUU2llj2QOInsSVRyx/LEFT.log:175	2798	2735	30	125	1
/home/dev_env/VAPER/irma/flu-amd/IRMA_RES/ppath/WA0964600-8uZ0REZCihp8yrQUU2llj2QOInsSVRyx/LEFT.log:174	2798	2748	30	125	1
/home/dev_env/VAPER/irma/flu-amd/IRMA_RES/ppath/WA0964600-8uZ0REZCihp8yrQUU2llj2QOInsSVRyx/LEFT.log:176	2798	2763	30	125	1
/home/dev_env/VAPER/irma/flu-amd/IRMA_RES/ppath/WA0964600-8uZ0REZCihp8yrQUU2llj2QOInsSVRyx/LEFT.log:177	2798	2751	30	125	1
/home/dev_env/VAPER/irma/flu-amd/IRMA_RES/ppath/WA0964600-8uZ0REZCihp8yrQUU2llj2QOInsSVRyx/LEFT.log:179	2791	2744	30	125	1
/home/dev_env/VAPER/irma/flu-amd/IRMA_RES/ppath/WA0964600-8uZ0REZCihp8yrQUU2llj2QOInsSVRyx/LEFT.log:178	2793	2752	30	125	1
/home/dev_env/VAPER/irma/flu-amd/IRMA_RES/ppath/WA0964600-8uZ0REZCihp8yrQUU2llj2QOInsSVRyx/LEFT.log:181	2791	2746	30	125	1
/home/dev_env/VAPER/irma/flu-amd/IRMA_RES/ppath/WA0964600-8uZ0REZCihp8yrQUU2llj2QOInsSVRyx/LEFT.log:180	2791	2746	30	125	1
/home/dev_env/VAPER/irma/flu-amd/IRMA_RES/ppath/WA0964600-8uZ0REZCihp8yrQUU2llj2QOInsSVRyx/LEFT.log:182	2791	2750	30	125	1
/home/dev_env/VAPER/irma/flu-amd/IRMA_RES/ppath/WA0964600-8uZ0REZCihp8yrQUU2llj2QOInsSVRyx/LEFT.log:184	2791	2751	30	125	1
/home/dev_env/VAPER/irma/flu-amd/IRMA_RES/ppath/WA0964600-8uZ0REZCihp8yrQUU2llj2QOInsSVRyx/LEFT.log:183	2791	2738	30	125	1
/home/dev_env/VAPER/irma/flu-amd/IRMA_RES/ppath/WA0964600-8uZ0REZCihp8yrQUU2llj2QOInsSVRyx/LEFT.log:185	2791	2747	30	125	1
/home/dev_env/VAPER/irma/flu-amd/IRMA_RES/ppath/WA0964600-8uZ0REZCihp8yrQUU2llj2QOInsSVRyx/LEFT.log:187	2791	2747	30	125	1
/home/dev_env/VAPER/irma/flu-amd/IRMA_RES/ppath/WA0964600-8uZ0REZCihp8yrQUU2llj2QOInsSVRyx/LEFT.log:186	2791	2739	30	125	1
/home/dev_env/VAPER/irma/flu-amd/IRMA_RES/ppath/WA0964600-8uZ0REZCihp8yrQUU2llj2QOInsSVRyx/LEFT.log:188	2791	2743	30	125	1
/home/dev_env/VAPER/irma/flu-amd/IRMA_RES/ppath/WA0964600-8uZ0REZCihp8yrQUU2llj2QOInsSVRyx/LEFT.log:189	2791	2740	30	125	1
/home/dev_env/VAPER/irma/flu-amd/IRMA_RES/ppath/WA0964600-8uZ0REZCihp8yrQUU2llj2QOInsSVRyx/LEFT.log:190	2791	2757	30	125	1
/home/dev_env/VAPER/irma/flu-amd/IRMA_RES/ppath/WA0964600-8uZ0REZCihp8yrQUU2llj2QOInsSVRyx/LEFT.log:191	2791	2733	30	125	1
/home/dev_env/VAPER/irma/flu-amd/IRMA_RES/ppath/WA0964600-8uZ0REZCihp8yrQUU2llj2QOInsSVRyx/LEFT.log:192	2791	2733	30	125	1
/home/dev_env/VAPER/irma/flu-amd/IRMA_RES/ppath/WA0964600-8uZ0REZCihp8yrQUU2llj2QOInsSVRyx/LEFT.log:193	2791	2739	30	125	1
/home/dev_env/VAPER/irma/flu-amd/IRMA_RES/ppath/WA0964600-8uZ0REZCihp8yrQUU2llj2QOInsSVRyx/LEFT.log:195	2791	2741	30	125	1
/home/dev_env/VAPER/irma/flu-amd/IRMA_RES/ppath/WA0964600-8uZ0REZCihp8yrQUU2llj2QOInsSVRyx/LEFT.log:194	2791	2725	30	125	1
/home/dev_env/VAPER/irma/flu-amd/IRMA_RES/ppath/WA0964600-8uZ0REZCihp8yrQUU2llj2QOInsSVRyx/LEFT.log:196	2791	2735	30	125	1
/home/dev_env/VAPER/irma/flu-amd/IRMA_RES/ppath/WA0964600-8uZ0REZCihp8yrQUU2llj2QOInsSVRyx/LEFT.log:198	2791	2732	30	125	1
/home/dev_env/VAPER/irma/flu-amd/IRMA_RES/ppath/WA0964600-8uZ0REZCihp8yrQUU2llj2QOInsSVRyx/LEFT.log:197	2791	2731	30	125	1
/home/dev_env/VAPER/irma/flu-amd/IRMA_RES/ppath/WA0964600-8uZ0REZCihp8yrQUU2llj2QOInsSVRyx/LEFT.log:199	2791	2714	30	125	1
/home/dev_env/VAPER/irma/flu-amd/IRMA_RES/ppath/WA0964600-8uZ0REZCihp8yrQUU2llj2QOInsSVRyx/LEFT.log:200	2791	2740	30	125	1
/home/dev_env/VAPER/irma/flu-amd/IRMA_RES/ppath/WA0964600-8uZ0REZCihp8yrQUU2llj2QOInsSVRyx/LEFT.log:201	2791	2725	30	125	1
/home/dev_env/VAPER/irma/flu-amd/IRMA_RES/ppath/WA0964600-8uZ0REZCihp8yrQUU2llj2QOInsSVRyx/LEFT.log:202	2791	2735	30	125	1
/home/dev_env/VAPER/irma/flu-amd/IRMA_RES/ppath/WA0964600-8uZ0REZCihp8yrQUU2llj2QOInsSVRyx/LEFT.log:203	2791	2707	30	125	1
/home/dev_env/VAPER/irma/flu-amd/IRMA_RES/ppath/WA0964600-8uZ0REZCihp8yrQUU2llj2QOInsSVRyx/LEFT.log:204	2792	2720	30	125	1
/home/dev_env/VAPER/irma/flu-amd/IRMA_RES/ppath/WA0964600-8uZ0REZCihp8yrQUU2llj2QOInsSVRyx/LEFT.log:205	2798	2753	30	125	1
/home/dev_env/VAPER/irma/flu-amd/IRMA_RES/ppath/WA0964600-8uZ0REZCihp8yrQUU2llj2QOInsSVRyx/LEFT.log:207	2798	2754	30	125	1
/home/dev_env/VAPER/irma/flu-amd/IRMA_RES/ppath/WA0964600-8uZ0REZCihp8yrQUU2llj2QOInsSVRyx/LEFT.log:206	2798	2746	30	125	1
/home/dev_env/VAPER/irma/flu-amd/IRMA_RES/ppath/WA0964600-8uZ0REZCihp8yrQUU2llj2QOInsSVRyx/LEFT.log:208	2798	2748	30	125	1
/home/dev_env/VAPER/irma/flu-amd/IRMA_RES/ppath/WA0964600-8uZ0REZCihp8yrQUU2llj2QOInsSVRyx/LEFT.log:209	2798	2752	30	125	1
/home/dev_env/VAPER/irma/flu-amd/IRMA_RES/ppath/WA0964600-8uZ0REZCihp8yrQUU2llj2QOInsSVRyx/LEFT.log:210	2798	2764	30	125	1
/home/dev_env/VAPER/irma/flu-amd/IRMA_RES/ppath/WA0964600-8uZ0REZCihp8yrQUU2llj2QOInsSVRyx/LEFT.log:211	2798	2755	30	125	1
/home/dev_env/VAPER/irma/flu-amd/IRMA_RES/ppath/WA0964600-8uZ0REZCihp8yrQUU2llj2QOInsSVRyx/LEFT.log:212	2798	2755	30	125	1
/home/dev_env/VAPER/irma/flu-amd/IRMA_RES/ppath/WA0964600-8uZ0REZCihp8yrQUU2llj2QOInsSVRyx/LEFT.log:213	2798	2756	30	125	1
/home/dev_env/VAPER/irma/flu-amd/IRMA_RES/ppath/WA0964600-8uZ0REZCihp8yrQUU2llj2QOInsSVRyx/LEFT.log:214	2798	2760	30	125	1
/home/dev_env/VAPER/irma/flu-amd/IRMA_RES/ppath/WA0964600-8uZ0REZCihp8yrQUU2llj2QOInsSVRyx/LEFT.log:215	2798	2751	30	125	1
/home/dev_env/VAPER/irma/flu-amd/IRMA_RES/ppath/WA0964600-8uZ0REZCihp8yrQUU2llj2QOInsSVRyx/LEFT.log:216	2798	2759	30	125	1
/home/dev_env/VAPER/irma/flu-amd/IRMA_RES/ppath/WA0964600-8uZ0REZCihp8yrQUU2llj2QOInsSVRyx/LEFT.log:217	2798	2757	30	125	1
/home/dev_env/VAPER/irma/flu-amd/IRMA_RES/ppath/WA0964600-8uZ0REZCihp8yrQUU2llj2QOInsSVRyx/LEFT.log:218	2798	2757	30	125	1
/home/dev_env/VAPER/irma/flu-amd/IRMA_RES/ppath/WA0964600-8uZ0REZCihp8yrQUU2llj2QOInsSVRyx/LEFT.log:219	2798	2752	30	125	1
/home/dev_env/VAPER/irma/flu-amd/IRMA_RES/ppath/WA0964600-8uZ0REZCihp8yrQUU2llj2QOInsSVRyx/LEFT.log:220	2798	2762	30	125	1
/home/dev_env/VAPER/irma/flu-amd/IRMA_RES/ppath/WA0964600-8uZ0REZCihp8yrQUU2llj2QOInsSVRyx/LEFT.log:221	2798	2751	30	125	1
/home/dev_env/VAPER/irma/flu-amd/IRMA_RES/ppath/WA0964600-8uZ0REZCihp8yrQUU2llj2QOInsSVRyx/LEFT.log:223	2798	2760	30	125	1
/home/dev_env/VAPER/irma/flu-amd/IRMA_RES/ppath/WA0964600-8uZ0REZCihp8yrQUU2llj2QOInsSVRyx/LEFT.log:222	2798	2755	30	125	1
/home/dev_env/VAPER/irma/flu-amd/IRMA_RES/ppath/WA0964600-8uZ0REZCihp8yrQUU2llj2QOInsSVRyx/LEFT.log:224	2798	2761	30	125	1
/home/dev_env/VAPER/irma/flu-amd/IRMA_RES/ppath/WA0964600-8uZ0REZCihp8yrQUU2llj2QOInsSVRyx/LEFT.log:226	2798	2746	30	125	1
/home/dev_env/VAPER/irma/flu-amd/IRMA_RES/ppath/WA0964600-8uZ0REZCihp8yrQUU2llj2QOInsSVRyx/LEFT.log:225	2798	2758	30	125	1
/home/dev_env/VAPER/irma/flu-amd/IRMA_RES/ppath/WA0964600-8uZ0REZCihp8yrQUU2llj2QOInsSVRyx/LEFT.log:228	2798	2760	30	125	1
/home/dev_env/VAPER/irma/flu-amd/IRMA_RES/ppath/WA0964600-8uZ0REZCihp8yrQUU2llj2QOInsSVRyx/LEFT.log:227	2798	2757	30	125	1
/home/dev_env/VAPER/irma/flu-amd/IRMA_RES/ppath/WA0964600-8uZ0REZCihp8yrQUU2llj2QOInsSVRyx/LEFT.log:229	2793	2754	30	125	1
/home/dev_env/VAPER/irma/flu-amd/IRMA_RES/ppath/WA0964600-8uZ0REZCihp8yrQUU2llj2QOInsSVRyx/LEFT.log:230	2791	2746	30	125	1
/home/dev_env/VAPER/irma/flu-amd/IRMA_RES/ppath/WA0964600-8uZ0REZCihp8yrQUU2llj2QOInsSVRyx/LEFT.log:231	2791	2748	30	125	1
/home/dev_env/VAPER/irma/flu-amd/IRMA_RES/ppath/WA0964600-8uZ0REZCihp8yrQUU2llj2QOInsSVRyx/LEFT.log:232	2791	2746	30	125	1
/home/dev_env/VAPER/irma/flu-amd/IRMA_RES/ppath/WA0964600-8uZ0REZCihp8yrQUU2llj2QOInsSVRyx/LEFT.log:233	2791	2747	30	125	1
/home/dev_env/VAPER/irma/flu-amd/IRMA_RES/ppath/WA0964600-8uZ0REZCihp8yrQUU2llj2QOInsSVRyx/LEFT.log:235	2791	2746	30	125	1
/home/dev_env/VAPER/irma/flu-amd/IRMA_RES/ppath/WA0964600-8uZ0REZCihp8yrQUU2llj2QOInsSVRyx/LEFT.log:234	2791	2753	30	125	1
/home/dev_env/VAPER/irma/flu-amd/IRMA_RES/ppath/WA0964600-8uZ0REZCihp8yrQUU2llj2QOInsSVRyx/LEFT.log:236	2791	2749	30	125	1
/home/dev_env/VAPER/irma/flu-amd/IRMA_RES/ppath/WA0964600-8uZ0REZCihp8yrQUU2llj2QOInsSVRyx/LEFT.log:237	2791	2746	30	125	1
/home/dev_env/VAPER/irma/flu-amd/IRMA_RES/ppath/WA0964600-8uZ0REZCihp8yrQUU2llj2QOInsSVRyx/LEFT.log:238	2791	2743	30	125	1
/home/dev_env/VAPER/irma/flu-amd/IRMA_RES/ppath/WA0964600-8uZ0REZCihp8yrQUU2llj2QOInsSVRyx/LEFT.log:239	2791	2740	30	125	1
/home/dev_env/VAPER/irma/flu-amd/IRMA_RES/ppath/WA0964600-8uZ0REZCihp8yrQUU2llj2QOInsSVRyx/LEFT.log:240	2791	2736	30	125	1
/home/dev_env/VAPER/irma/flu-amd/IRMA_RES/ppath/WA0964600-8uZ0REZCihp8yrQUU2llj2QOInsSVRyx/LEFT.log:241	2791	2748	30	125	1
/home/dev_env/VAPER/irma/flu-amd/IRMA_RES/ppath/WA0964600-8uZ0REZCihp8yrQUU2llj2QOInsSVRyx/LEFT.log:242	2791	2743	30	125	1
/home/dev_env/VAPER/irma/flu-amd/IRMA_RES/ppath/WA0964600-8uZ0REZCihp8yrQUU2llj2QOInsSVRyx/LEFT.log:243	2791	2744	30	125	1
/home/dev_env/VAPER/irma/flu-amd/IRMA_RES/ppath/WA0964600-8uZ0REZCihp8yrQUU2llj2QOInsSVRyx/LEFT.log:244	2791	2740	30	125	1
/home/dev_env/VAPER/irma/flu-amd/IRMA_RES/ppath/WA0964600-8uZ0REZCihp8yrQUU2llj2QOInsSVRyx/LEFT.log:245	2791	2723	30	125	1
/home/dev_env/VAPER/irma/flu-amd/IRMA_RES/ppath/WA0964600-8uZ0REZCihp8yrQUU2llj2QOInsSVRyx/LEFT.log:246	2791	2743	30	125	1
/home/dev_env/VAPER/irma/flu-amd/IRMA_RES/ppath/WA0964600-8uZ0REZCihp8yrQUU2llj2QOInsSVRyx/LEFT.log:247	2791	2746	30	125	1
/home/dev_env/VAPER/irma/flu-amd/IRMA_RES/ppath/WA0964600-8uZ0REZCihp8yrQUU2llj2QOInsSVRyx/LEFT.log:248	2791	2743	30	125	1
/home/dev_env/VAPER/irma/flu-amd/IRMA_RES/ppath/WA0964600-8uZ0REZCihp8yrQUU2llj2QOInsSVRyx/LEFT.log:249	2791	2737	30	125	1
/home/dev_env/VAPER/irma/flu-amd/IRMA_RES/ppath/WA0964600-8uZ0REZCihp8yrQUU2llj2QOInsSVRyx/LEFT.log:250	2791	2729	30	125	1
/home/dev_env/VAPER/irma/flu-amd/IRMA_RES/ppath/WA0964600-8uZ0REZCihp8yrQUU2llj2QOInsSVRyx/LEFT.log:251	2791	2739	30	125	1
/home/dev_env/VAPER/irma/flu-amd/IRMA_RES/ppath/WA0964600-8uZ0REZCihp8yrQUU2llj2QOInsSVRyx/LEFT.log:252	2791	2722	30	125	1
/home/dev_env/VAPER/irma/flu-amd/IRMA_RES/ppath/WA0964600-8uZ0REZCihp8yrQUU2llj2QOInsSVRyx/LEFT.log:253	2791	2724	30	125	1
/home/dev_env/VAPER/irma/flu-amd/IRMA_RES/ppath/WA0964600-8uZ0REZCihp8yrQUU2llj2QOInsSVRyx/LEFT.log:254	2791	2739	30	125	1
/home/dev_env/VAPER/irma/flu-amd/IRMA_RES/ppath/WA0964600-8uZ0REZCihp8yrQUU2llj2QOInsSVRyx/LEFT.log:255	2792	2715	30	125	1
/home/dev_env/VAPER/irma/flu-amd/IRMA_RES/ppath/WA0964600-8uZ0REZCihp8yrQUU2llj2QOInsSVRyx/LEFT.log:256	2798	2755	30	125	1
/home/dev_env/VAPER/irma/flu-amd/IRMA_RES/ppath/WA0964600-8uZ0REZCihp8yrQUU2llj2QOInsSVRyx/LEFT.log:258	2798	2761	30	125	1
/home/dev_env/VAPER/irma/flu-amd/IRMA_RES/ppath/WA0964600-8uZ0REZCihp8yrQUU2llj2QOInsSVRyx/LEFT.log:257	2798	2759	30	125	1
/home/dev_env/VAPER/irma/flu-amd/IRMA_RES/ppath/WA0964600-8uZ0REZCihp8yrQUU2llj2QOInsSVRyx/LEFT.log:259	2798	2761	30	125	1
/home/dev_env/VAPER/irma/flu-amd/IRMA_RES/ppath/WA0964600-8uZ0REZCihp8yrQUU2llj2QOInsSVRyx/LEFT.log:260	2798	2765	30	125	1
/home/dev_env/VAPER/irma/flu-amd/IRMA_RES/ppath/WA0964600-8uZ0REZCihp8yrQUU2llj2QOInsSVRyx/LEFT.log:261	2798	2757	30	125	1
/home/dev_env/VAPER/irma/flu-amd/IRMA_RES/ppath/WA0964600-8uZ0REZCihp8yrQUU2llj2QOInsSVRyx/LEFT.log:262	2798	2759	30	125	1
/home/dev_env/VAPER/irma/flu-amd/IRMA_RES/ppath/WA0964600-8uZ0REZCihp8yrQUU2llj2QOInsSVRyx/LEFT.log:263	2798	2760	30	125	1
/home/dev_env/VAPER/irma/flu-amd/IRMA_RES/ppath/WA0964600-8uZ0REZCihp8yrQUU2llj2QOInsSVRyx/LEFT.log:264	2798	2768	30	125	1
/home/dev_env/VAPER/irma/flu-amd/IRMA_RES/ppath/WA0964600-8uZ0REZCihp8yrQUU2llj2QOInsSVRyx/LEFT.log:265	2798	2752	30	125	1
/home/dev_env/VAPER/irma/flu-amd/IRMA_RES/ppath/WA0964600-8uZ0REZCihp8yrQUU2llj2QOInsSVRyx/LEFT.log:268	2798	2755	30	125	1
/home/dev_env/VAPER/irma/flu-amd/IRMA_RES/ppath/WA0964600-8uZ0REZCihp8yrQUU2llj2QOInsSVRyx/LEFT.log:266	2798	2756	30	125	1
/home/dev_env/VAPER/irma/flu-amd/IRMA_RES/ppath/WA0964600-8uZ0REZCihp8yrQUU2llj2QOInsSVRyx/LEFT.log:267	2798	2759	30	125	1
/home/dev_env/VAPER/irma/flu-amd/IRMA_RES/ppath/WA0964600-8uZ0REZCihp8yrQUU2llj2QOInsSVRyx/LEFT.log:270	2798	2761	30	125	1
/home/dev_env/VAPER/irma/flu-amd/IRMA_RES/ppath/WA0964600-8uZ0REZCihp8yrQUU2llj2QOInsSVRyx/LEFT.log:269	2798	2768	30	125	1
/home/dev_env/VAPER/irma/flu-amd/IRMA_RES/ppath/WA0964600-8uZ0REZCihp8yrQUU2llj2QOInsSVRyx/LEFT.log:271	2798	2772	30	125	1
