/home/dev_env/VAPER/irma/vaper/bin/flu-amd/IRMA_RES/ppath/results-Og7P0r9rCIOqFgvgwbEw4Q5oAFXaOQpH/LEFT.log:1	2668	2668	30	125	1
/home/dev_env/VAPER/irma/vaper/bin/flu-amd/IRMA_RES/ppath/results-Og7P0r9rCIOqFgvgwbEw4Q5oAFXaOQpH/LEFT.log:3	2664	2664	30	125	1
/home/dev_env/VAPER/irma/vaper/bin/flu-amd/IRMA_RES/ppath/results-Og7P0r9rCIOqFgvgwbEw4Q5oAFXaOQpH/LEFT.log:5	2671	2671	30	125	1
/home/dev_env/VAPER/irma/vaper/bin/flu-amd/IRMA_RES/ppath/results-Og7P0r9rCIOqFgvgwbEw4Q5oAFXaOQpH/LEFT.log:2	2687	2687	30	125	1
/home/dev_env/VAPER/irma/vaper/bin/flu-amd/IRMA_RES/ppath/results-Og7P0r9rCIOqFgvgwbEw4Q5oAFXaOQpH/LEFT.log:8	2674	2674	30	125	1
/home/dev_env/VAPER/irma/vaper/bin/flu-amd/IRMA_RES/ppath/results-Og7P0r9rCIOqFgvgwbEw4Q5oAFXaOQpH/LEFT.log:4	2661	2661	30	125	1
/home/dev_env/VAPER/irma/vaper/bin/flu-amd/IRMA_RES/ppath/results-Og7P0r9rCIOqFgvgwbEw4Q5oAFXaOQpH/LEFT.log:6	2673	2673	30	125	1
/home/dev_env/VAPER/irma/vaper/bin/flu-amd/IRMA_RES/ppath/results-Og7P0r9rCIOqFgvgwbEw4Q5oAFXaOQpH/LEFT.log:7	2678	2677	30	125	1
/home/dev_env/VAPER/irma/vaper/bin/flu-amd/IRMA_RES/ppath/results-Og7P0r9rCIOqFgvgwbEw4Q5oAFXaOQpH/LEFT.log:9	2666	2666	30	125	1
/home/dev_env/VAPER/irma/vaper/bin/flu-amd/IRMA_RES/ppath/results-Og7P0r9rCIOqFgvgwbEw4Q5oAFXaOQpH/LEFT.log:10	2679	2679	30	125	1
/home/dev_env/VAPER/irma/vaper/bin/flu-amd/IRMA_RES/ppath/results-Og7P0r9rCIOqFgvgwbEw4Q5oAFXaOQpH/LEFT.log:12	2669	2669	30	125	1
/home/dev_env/VAPER/irma/vaper/bin/flu-amd/IRMA_RES/ppath/results-Og7P0r9rCIOqFgvgwbEw4Q5oAFXaOQpH/LEFT.log:11	2695	2695	30	125	1
/home/dev_env/VAPER/irma/vaper/bin/flu-amd/IRMA_RES/ppath/results-Og7P0r9rCIOqFgvgwbEw4Q5oAFXaOQpH/LEFT.log:13	2685	2685	30	125	1
/home/dev_env/VAPER/irma/vaper/bin/flu-amd/IRMA_RES/ppath/results-Og7P0r9rCIOqFgvgwbEw4Q5oAFXaOQpH/LEFT.log:14	2668	2668	30	125	1
/home/dev_env/VAPER/irma/vaper/bin/flu-amd/IRMA_RES/ppath/results-Og7P0r9rCIOqFgvgwbEw4Q5oAFXaOQpH/LEFT.log:16	2690	2690	30	125	1
/home/dev_env/VAPER/irma/vaper/bin/flu-amd/IRMA_RES/ppath/results-Og7P0r9rCIOqFgvgwbEw4Q5oAFXaOQpH/LEFT.log:15	2703	2703	30	125	1
/home/dev_env/VAPER/irma/vaper/bin/flu-amd/IRMA_RES/ppath/results-Og7P0r9rCIOqFgvgwbEw4Q5oAFXaOQpH/LEFT.log:17	2665	2665	30	125	1
/home/dev_env/VAPER/irma/vaper/bin/flu-amd/IRMA_RES/ppath/results-Og7P0r9rCIOqFgvgwbEw4Q5oAFXaOQpH/LEFT.log:18	2670	2670	30	125	1
/home/dev_env/VAPER/irma/vaper/bin/flu-amd/IRMA_RES/ppath/results-Og7P0r9rCIOqFgvgwbEw4Q5oAFXaOQpH/LEFT.log:19	2683	2683	30	125	1
/home/dev_env/VAPER/irma/vaper/bin/flu-amd/IRMA_RES/ppath/results-Og7P0r9rCIOqFgvgwbEw4Q5oAFXaOQpH/LEFT.log:20	2665	2665	30	125	1
/home/dev_env/VAPER/irma/vaper/bin/flu-amd/IRMA_RES/ppath/results-Og7P0r9rCIOqFgvgwbEw4Q5oAFXaOQpH/LEFT.log:21	2673	2673	30	125	1
/home/dev_env/VAPER/irma/vaper/bin/flu-amd/IRMA_RES/ppath/results-Og7P0r9rCIOqFgvgwbEw4Q5oAFXaOQpH/LEFT.log:23	2678	2678	30	125	1
/home/dev_env/VAPER/irma/vaper/bin/flu-amd/IRMA_RES/ppath/results-Og7P0r9rCIOqFgvgwbEw4Q5oAFXaOQpH/LEFT.log:22	2702	2702	30	125	1
/home/dev_env/VAPER/irma/vaper/bin/flu-amd/IRMA_RES/ppath/results-Og7P0r9rCIOqFgvgwbEw4Q5oAFXaOQpH/LEFT.log:24	2674	2674	30	125	1
/home/dev_env/VAPER/irma/vaper/bin/flu-amd/IRMA_RES/ppath/results-Og7P0r9rCIOqFgvgwbEw4Q5oAFXaOQpH/LEFT.log:25	2690	2690	30	125	1
/home/dev_env/VAPER/irma/vaper/bin/flu-amd/IRMA_RES/ppath/results-Og7P0r9rCIOqFgvgwbEw4Q5oAFXaOQpH/LEFT.log:26	2662	2661	30	125	1
/home/dev_env/VAPER/irma/vaper/bin/flu-amd/IRMA_RES/ppath/results-Og7P0r9rCIOqFgvgwbEw4Q5oAFXaOQpH/LEFT.log:27	2674	2673	30	125	1
/home/dev_env/VAPER/irma/vaper/bin/flu-amd/IRMA_RES/ppath/results-Og7P0r9rCIOqFgvgwbEw4Q5oAFXaOQpH/LEFT.log:28	2665	2665	30	125	1
/home/dev_env/VAPER/irma/vaper/bin/flu-amd/IRMA_RES/ppath/results-Og7P0r9rCIOqFgvgwbEw4Q5oAFXaOQpH/LEFT.log:29	2667	2667	30	125	1
/home/dev_env/VAPER/irma/vaper/bin/flu-amd/IRMA_RES/ppath/results-Og7P0r9rCIOqFgvgwbEw4Q5oAFXaOQpH/LEFT.log:31	2651	2651	30	125	1
/home/dev_env/VAPER/irma/vaper/bin/flu-amd/IRMA_RES/ppath/results-Og7P0r9rCIOqFgvgwbEw4Q5oAFXaOQpH/LEFT.log:32	2677	2677	30	125	1
/home/dev_env/VAPER/irma/vaper/bin/flu-amd/IRMA_RES/ppath/results-Og7P0r9rCIOqFgvgwbEw4Q5oAFXaOQpH/LEFT.log:30	2688	2688	30	125	1
/home/dev_env/VAPER/irma/vaper/bin/flu-amd/IRMA_RES/ppath/results-Og7P0r9rCIOqFgvgwbEw4Q5oAFXaOQpH/LEFT.log:33	2659	2659	30	125	1
/home/dev_env/VAPER/irma/vaper/bin/flu-amd/IRMA_RES/ppath/results-Og7P0r9rCIOqFgvgwbEw4Q5oAFXaOQpH/LEFT.log:34	2680	2680	30	125	1
/home/dev_env/VAPER/irma/vaper/bin/flu-amd/IRMA_RES/ppath/results-Og7P0r9rCIOqFgvgwbEw4Q5oAFXaOQpH/LEFT.log:35	2677	2677	30	125	1
/home/dev_env/VAPER/irma/vaper/bin/flu-amd/IRMA_RES/ppath/results-Og7P0r9rCIOqFgvgwbEw4Q5oAFXaOQpH/LEFT.log:36	2668	2668	30	125	1
/home/dev_env/VAPER/irma/vaper/bin/flu-amd/IRMA_RES/ppath/results-Og7P0r9rCIOqFgvgwbEw4Q5oAFXaOQpH/LEFT.log:37	2683	2683	30	125	1
/home/dev_env/VAPER/irma/vaper/bin/flu-amd/IRMA_RES/ppath/results-Og7P0r9rCIOqFgvgwbEw4Q5oAFXaOQpH/LEFT.log:38	2658	2658	30	125	1
/home/dev_env/VAPER/irma/vaper/bin/flu-amd/IRMA_RES/ppath/results-Og7P0r9rCIOqFgvgwbEw4Q5oAFXaOQpH/LEFT.log:40	2686	2686	30	125	1
/home/dev_env/VAPER/irma/vaper/bin/flu-amd/IRMA_RES/ppath/results-Og7P0r9rCIOqFgvgwbEw4Q5oAFXaOQpH/LEFT.log:39	2667	2667	30	125	1
/home/dev_env/VAPER/irma/vaper/bin/flu-amd/IRMA_RES/ppath/results-Og7P0r9rCIOqFgvgwbEw4Q5oAFXaOQpH/LEFT.log:41	2650	2650	30	125	1
/home/dev_env/VAPER/irma/vaper/bin/flu-amd/IRMA_RES/ppath/results-Og7P0r9rCIOqFgvgwbEw4Q5oAFXaOQpH/LEFT.log:42	2650	2650	30	125	1
/home/dev_env/VAPER/irma/vaper/bin/flu-amd/IRMA_RES/ppath/results-Og7P0r9rCIOqFgvgwbEw4Q5oAFXaOQpH/LEFT.log:43	2688	2687	30	125	1
/home/dev_env/VAPER/irma/vaper/bin/flu-amd/IRMA_RES/ppath/results-Og7P0r9rCIOqFgvgwbEw4Q5oAFXaOQpH/LEFT.log:44	2656	2656	30	125	1
/home/dev_env/VAPER/irma/vaper/bin/flu-amd/IRMA_RES/ppath/results-Og7P0r9rCIOqFgvgwbEw4Q5oAFXaOQpH/LEFT.log:45	2681	2681	30	125	1
/home/dev_env/VAPER/irma/vaper/bin/flu-amd/IRMA_RES/ppath/results-Og7P0r9rCIOqFgvgwbEw4Q5oAFXaOQpH/LEFT.log:46	2673	2673	30	125	1
/home/dev_env/VAPER/irma/vaper/bin/flu-amd/IRMA_RES/ppath/results-Og7P0r9rCIOqFgvgwbEw4Q5oAFXaOQpH/LEFT.log:47	2683	2683	30	125	1
/home/dev_env/VAPER/irma/vaper/bin/flu-amd/IRMA_RES/ppath/results-Og7P0r9rCIOqFgvgwbEw4Q5oAFXaOQpH/LEFT.log:48	2678	2678	30	125	1
/home/dev_env/VAPER/irma/vaper/bin/flu-amd/IRMA_RES/ppath/results-Og7P0r9rCIOqFgvgwbEw4Q5oAFXaOQpH/LEFT.log:49	2684	2684	30	125	1
/home/dev_env/VAPER/irma/vaper/bin/flu-amd/IRMA_RES/ppath/results-Og7P0r9rCIOqFgvgwbEw4Q5oAFXaOQpH/LEFT.log:50	2663	2663	30	125	1
/home/dev_env/VAPER/irma/vaper/bin/flu-amd/IRMA_RES/ppath/results-Og7P0r9rCIOqFgvgwbEw4Q5oAFXaOQpH/LEFT.log:51	2672	2672	30	125	1
/home/dev_env/VAPER/irma/vaper/bin/flu-amd/IRMA_RES/ppath/results-Og7P0r9rCIOqFgvgwbEw4Q5oAFXaOQpH/LEFT.log:53	2650	2649	30	125	1
/home/dev_env/VAPER/irma/vaper/bin/flu-amd/IRMA_RES/ppath/results-Og7P0r9rCIOqFgvgwbEw4Q5oAFXaOQpH/LEFT.log:52	2686	2686	30	125	1
/home/dev_env/VAPER/irma/vaper/bin/flu-amd/IRMA_RES/ppath/results-Og7P0r9rCIOqFgvgwbEw4Q5oAFXaOQpH/LEFT.log:54	2688	2688	30	125	1
/home/dev_env/VAPER/irma/vaper/bin/flu-amd/IRMA_RES/ppath/results-Og7P0r9rCIOqFgvgwbEw4Q5oAFXaOQpH/LEFT.log:55	2671	2670	30	125	1
/home/dev_env/VAPER/irma/vaper/bin/flu-amd/IRMA_RES/ppath/results-Og7P0r9rCIOqFgvgwbEw4Q5oAFXaOQpH/LEFT.log:57	2693	2693	30	125	1
/home/dev_env/VAPER/irma/vaper/bin/flu-amd/IRMA_RES/ppath/results-Og7P0r9rCIOqFgvgwbEw4Q5oAFXaOQpH/LEFT.log:56	2689	2689	30	125	1
/home/dev_env/VAPER/irma/vaper/bin/flu-amd/IRMA_RES/ppath/results-Og7P0r9rCIOqFgvgwbEw4Q5oAFXaOQpH/LEFT.log:58	2677	2676	30	125	1
/home/dev_env/VAPER/irma/vaper/bin/flu-amd/IRMA_RES/ppath/results-Og7P0r9rCIOqFgvgwbEw4Q5oAFXaOQpH/LEFT.log:59	2682	2681	30	125	1
/home/dev_env/VAPER/irma/vaper/bin/flu-amd/IRMA_RES/ppath/results-Og7P0r9rCIOqFgvgwbEw4Q5oAFXaOQpH/LEFT.log:61	2705	2705	30	125	1
/home/dev_env/VAPER/irma/vaper/bin/flu-amd/IRMA_RES/ppath/results-Og7P0r9rCIOqFgvgwbEw4Q5oAFXaOQpH/LEFT.log:60	2675	2675	30	125	1
/home/dev_env/VAPER/irma/vaper/bin/flu-amd/IRMA_RES/ppath/results-Og7P0r9rCIOqFgvgwbEw4Q5oAFXaOQpH/LEFT.log:62	2667	2667	30	125	1
/home/dev_env/VAPER/irma/vaper/bin/flu-amd/IRMA_RES/ppath/results-Og7P0r9rCIOqFgvgwbEw4Q5oAFXaOQpH/LEFT.log:63	2674	2674	30	125	1
/home/dev_env/VAPER/irma/vaper/bin/flu-amd/IRMA_RES/ppath/results-Og7P0r9rCIOqFgvgwbEw4Q5oAFXaOQpH/LEFT.log:64	2681	2681	30	125	1
/home/dev_env/VAPER/irma/vaper/bin/flu-amd/IRMA_RES/ppath/results-Og7P0r9rCIOqFgvgwbEw4Q5oAFXaOQpH/LEFT.log:65	2676	2676	30	125	1
/home/dev_env/VAPER/irma/vaper/bin/flu-amd/IRMA_RES/ppath/results-Og7P0r9rCIOqFgvgwbEw4Q5oAFXaOQpH/LEFT.log:66	2693	2693	30	125	1
/home/dev_env/VAPER/irma/vaper/bin/flu-amd/IRMA_RES/ppath/results-Og7P0r9rCIOqFgvgwbEw4Q5oAFXaOQpH/LEFT.log:67	2698	2697	30	125	1
/home/dev_env/VAPER/irma/vaper/bin/flu-amd/IRMA_RES/ppath/results-Og7P0r9rCIOqFgvgwbEw4Q5oAFXaOQpH/LEFT.log:69	2689	2689	30	125	1
/home/dev_env/VAPER/irma/vaper/bin/flu-amd/IRMA_RES/ppath/results-Og7P0r9rCIOqFgvgwbEw4Q5oAFXaOQpH/LEFT.log:68	2690	2690	30	125	1
/home/dev_env/VAPER/irma/vaper/bin/flu-amd/IRMA_RES/ppath/results-Og7P0r9rCIOqFgvgwbEw4Q5oAFXaOQpH/LEFT.log:70	2680	2679	30	125	1
/home/dev_env/VAPER/irma/vaper/bin/flu-amd/IRMA_RES/ppath/results-Og7P0r9rCIOqFgvgwbEw4Q5oAFXaOQpH/LEFT.log:71	2679	2679	30	125	1
/home/dev_env/VAPER/irma/vaper/bin/flu-amd/IRMA_RES/ppath/results-Og7P0r9rCIOqFgvgwbEw4Q5oAFXaOQpH/LEFT.log:72	2668	2668	30	125	1
/home/dev_env/VAPER/irma/vaper/bin/flu-amd/IRMA_RES/ppath/results-Og7P0r9rCIOqFgvgwbEw4Q5oAFXaOQpH/LEFT.log:73	2686	2686	30	125	1
/home/dev_env/VAPER/irma/vaper/bin/flu-amd/IRMA_RES/ppath/results-Og7P0r9rCIOqFgvgwbEw4Q5oAFXaOQpH/LEFT.log:74	2663	2663	30	125	1
/home/dev_env/VAPER/irma/vaper/bin/flu-amd/IRMA_RES/ppath/results-Og7P0r9rCIOqFgvgwbEw4Q5oAFXaOQpH/LEFT.log:75	2678	2678	30	125	1
/home/dev_env/VAPER/irma/vaper/bin/flu-amd/IRMA_RES/ppath/results-Og7P0r9rCIOqFgvgwbEw4Q5oAFXaOQpH/LEFT.log:76	2674	2673	30	125	1
/home/dev_env/VAPER/irma/vaper/bin/flu-amd/IRMA_RES/ppath/results-Og7P0r9rCIOqFgvgwbEw4Q5oAFXaOQpH/LEFT.log:77	2675	2675	30	125	1
/home/dev_env/VAPER/irma/vaper/bin/flu-amd/IRMA_RES/ppath/results-Og7P0r9rCIOqFgvgwbEw4Q5oAFXaOQpH/LEFT.log:79	2663	2663	30	125	1
/home/dev_env/VAPER/irma/vaper/bin/flu-amd/IRMA_RES/ppath/results-Og7P0r9rCIOqFgvgwbEw4Q5oAFXaOQpH/LEFT.log:78	2671	2671	30	125	1
/home/dev_env/VAPER/irma/vaper/bin/flu-amd/IRMA_RES/ppath/results-Og7P0r9rCIOqFgvgwbEw4Q5oAFXaOQpH/LEFT.log:80	2668	2668	30	125	1
/home/dev_env/VAPER/irma/vaper/bin/flu-amd/IRMA_RES/ppath/results-Og7P0r9rCIOqFgvgwbEw4Q5oAFXaOQpH/LEFT.log:81	2677	2677	30	125	1
/home/dev_env/VAPER/irma/vaper/bin/flu-amd/IRMA_RES/ppath/results-Og7P0r9rCIOqFgvgwbEw4Q5oAFXaOQpH/LEFT.log:83	2681	2681	30	125	1
/home/dev_env/VAPER/irma/vaper/bin/flu-amd/IRMA_RES/ppath/results-Og7P0r9rCIOqFgvgwbEw4Q5oAFXaOQpH/LEFT.log:82	2684	2684	30	125	1
/home/dev_env/VAPER/irma/vaper/bin/flu-amd/IRMA_RES/ppath/results-Og7P0r9rCIOqFgvgwbEw4Q5oAFXaOQpH/LEFT.log:84	2691	2690	30	125	1
/home/dev_env/VAPER/irma/vaper/bin/flu-amd/IRMA_RES/ppath/results-Og7P0r9rCIOqFgvgwbEw4Q5oAFXaOQpH/LEFT.log:85	2671	2671	30	125	1
/home/dev_env/VAPER/irma/vaper/bin/flu-amd/IRMA_RES/ppath/results-Og7P0r9rCIOqFgvgwbEw4Q5oAFXaOQpH/LEFT.log:86	2668	2668	30	125	1
/home/dev_env/VAPER/irma/vaper/bin/flu-amd/IRMA_RES/ppath/results-Og7P0r9rCIOqFgvgwbEw4Q5oAFXaOQpH/LEFT.log:87	2663	2663	30	125	1
/home/dev_env/VAPER/irma/vaper/bin/flu-amd/IRMA_RES/ppath/results-Og7P0r9rCIOqFgvgwbEw4Q5oAFXaOQpH/LEFT.log:88	2653	2653	30	125	1
/home/dev_env/VAPER/irma/vaper/bin/flu-amd/IRMA_RES/ppath/results-Og7P0r9rCIOqFgvgwbEw4Q5oAFXaOQpH/LEFT.log:89	2675	2675	30	125	1
/home/dev_env/VAPER/irma/vaper/bin/flu-amd/IRMA_RES/ppath/results-Og7P0r9rCIOqFgvgwbEw4Q5oAFXaOQpH/LEFT.log:91	2680	2680	30	125	1
/home/dev_env/VAPER/irma/vaper/bin/flu-amd/IRMA_RES/ppath/results-Og7P0r9rCIOqFgvgwbEw4Q5oAFXaOQpH/LEFT.log:90	2677	2677	30	125	1
/home/dev_env/VAPER/irma/vaper/bin/flu-amd/IRMA_RES/ppath/results-Og7P0r9rCIOqFgvgwbEw4Q5oAFXaOQpH/LEFT.log:92	2671	2671	30	125	1
/home/dev_env/VAPER/irma/vaper/bin/flu-amd/IRMA_RES/ppath/results-Og7P0r9rCIOqFgvgwbEw4Q5oAFXaOQpH/LEFT.log:93	2675	2674	30	125	1
/home/dev_env/VAPER/irma/vaper/bin/flu-amd/IRMA_RES/ppath/results-Og7P0r9rCIOqFgvgwbEw4Q5oAFXaOQpH/LEFT.log:94	2669	2669	30	125	1
/home/dev_env/VAPER/irma/vaper/bin/flu-amd/IRMA_RES/ppath/results-Og7P0r9rCIOqFgvgwbEw4Q5oAFXaOQpH/LEFT.log:95	2692	2692	30	125	1
/home/dev_env/VAPER/irma/vaper/bin/flu-amd/IRMA_RES/ppath/results-Og7P0r9rCIOqFgvgwbEw4Q5oAFXaOQpH/LEFT.log:96	2686	2686	30	125	1
/home/dev_env/VAPER/irma/vaper/bin/flu-amd/IRMA_RES/ppath/results-Og7P0r9rCIOqFgvgwbEw4Q5oAFXaOQpH/LEFT.log:97	2685	2685	30	125	1
/home/dev_env/VAPER/irma/vaper/bin/flu-amd/IRMA_RES/ppath/results-Og7P0r9rCIOqFgvgwbEw4Q5oAFXaOQpH/LEFT.log:98	2676	2676	30	125	1
/home/dev_env/VAPER/irma/vaper/bin/flu-amd/IRMA_RES/ppath/results-Og7P0r9rCIOqFgvgwbEw4Q5oAFXaOQpH/LEFT.log:99	2689	2688	30	125	1
/home/dev_env/VAPER/irma/vaper/bin/flu-amd/IRMA_RES/ppath/results-Og7P0r9rCIOqFgvgwbEw4Q5oAFXaOQpH/LEFT.log:100	2680	2680	30	125	1
/home/dev_env/VAPER/irma/vaper/bin/flu-amd/IRMA_RES/ppath/results-Og7P0r9rCIOqFgvgwbEw4Q5oAFXaOQpH/LEFT.log:101	2665	2664	30	125	1
/home/dev_env/VAPER/irma/vaper/bin/flu-amd/IRMA_RES/ppath/results-Og7P0r9rCIOqFgvgwbEw4Q5oAFXaOQpH/LEFT.log:102	2667	2667	30	125	1
/home/dev_env/VAPER/irma/vaper/bin/flu-amd/IRMA_RES/ppath/results-Og7P0r9rCIOqFgvgwbEw4Q5oAFXaOQpH/LEFT.log:103	2669	2669	30	125	1
/home/dev_env/VAPER/irma/vaper/bin/flu-amd/IRMA_RES/ppath/results-Og7P0r9rCIOqFgvgwbEw4Q5oAFXaOQpH/LEFT.log:104	2667	2667	30	125	1
/home/dev_env/VAPER/irma/vaper/bin/flu-amd/IRMA_RES/ppath/results-Og7P0r9rCIOqFgvgwbEw4Q5oAFXaOQpH/LEFT.log:105	2694	2694	30	125	1
/home/dev_env/VAPER/irma/vaper/bin/flu-amd/IRMA_RES/ppath/results-Og7P0r9rCIOqFgvgwbEw4Q5oAFXaOQpH/LEFT.log:106	2690	2690	30	125	1
/home/dev_env/VAPER/irma/vaper/bin/flu-amd/IRMA_RES/ppath/results-Og7P0r9rCIOqFgvgwbEw4Q5oAFXaOQpH/LEFT.log:107	2693	2693	30	125	1
/home/dev_env/VAPER/irma/vaper/bin/flu-amd/IRMA_RES/ppath/results-Og7P0r9rCIOqFgvgwbEw4Q5oAFXaOQpH/LEFT.log:108	2690	2690	30	125	1
/home/dev_env/VAPER/irma/vaper/bin/flu-amd/IRMA_RES/ppath/results-Og7P0r9rCIOqFgvgwbEw4Q5oAFXaOQpH/LEFT.log:109	2667	2667	30	125	1
/home/dev_env/VAPER/irma/vaper/bin/flu-amd/IRMA_RES/ppath/results-Og7P0r9rCIOqFgvgwbEw4Q5oAFXaOQpH/LEFT.log:110	2684	2684	30	125	1
/home/dev_env/VAPER/irma/vaper/bin/flu-amd/IRMA_RES/ppath/results-Og7P0r9rCIOqFgvgwbEw4Q5oAFXaOQpH/LEFT.log:111	2698	2698	30	125	1
/home/dev_env/VAPER/irma/vaper/bin/flu-amd/IRMA_RES/ppath/results-Og7P0r9rCIOqFgvgwbEw4Q5oAFXaOQpH/LEFT.log:112	2679	2679	30	125	1
/home/dev_env/VAPER/irma/vaper/bin/flu-amd/IRMA_RES/ppath/results-Og7P0r9rCIOqFgvgwbEw4Q5oAFXaOQpH/LEFT.log:114	2698	2698	30	125	1
/home/dev_env/VAPER/irma/vaper/bin/flu-amd/IRMA_RES/ppath/results-Og7P0r9rCIOqFgvgwbEw4Q5oAFXaOQpH/LEFT.log:113	2687	2687	30	125	1
/home/dev_env/VAPER/irma/vaper/bin/flu-amd/IRMA_RES/ppath/results-Og7P0r9rCIOqFgvgwbEw4Q5oAFXaOQpH/LEFT.log:116	2675	2674	30	125	1
/home/dev_env/VAPER/irma/vaper/bin/flu-amd/IRMA_RES/ppath/results-Og7P0r9rCIOqFgvgwbEw4Q5oAFXaOQpH/LEFT.log:115	2683	2683	30	125	1
/home/dev_env/VAPER/irma/vaper/bin/flu-amd/IRMA_RES/ppath/results-Og7P0r9rCIOqFgvgwbEw4Q5oAFXaOQpH/LEFT.log:118	2677	2677	30	125	1
/home/dev_env/VAPER/irma/vaper/bin/flu-amd/IRMA_RES/ppath/results-Og7P0r9rCIOqFgvgwbEw4Q5oAFXaOQpH/LEFT.log:117	2686	2686	30	125	1
/home/dev_env/VAPER/irma/vaper/bin/flu-amd/IRMA_RES/ppath/results-Og7P0r9rCIOqFgvgwbEw4Q5oAFXaOQpH/LEFT.log:119	2672	2672	30	125	1
/home/dev_env/VAPER/irma/vaper/bin/flu-amd/IRMA_RES/ppath/results-Og7P0r9rCIOqFgvgwbEw4Q5oAFXaOQpH/LEFT.log:120	2684	2684	30	125	1
/home/dev_env/VAPER/irma/vaper/bin/flu-amd/IRMA_RES/ppath/results-Og7P0r9rCIOqFgvgwbEw4Q5oAFXaOQpH/LEFT.log:122	2675	2675	30	125	1
/home/dev_env/VAPER/irma/vaper/bin/flu-amd/IRMA_RES/ppath/results-Og7P0r9rCIOqFgvgwbEw4Q5oAFXaOQpH/LEFT.log:121	2679	2679	30	125	1
/home/dev_env/VAPER/irma/vaper/bin/flu-amd/IRMA_RES/ppath/results-Og7P0r9rCIOqFgvgwbEw4Q5oAFXaOQpH/LEFT.log:123	2665	2665	30	125	1
/home/dev_env/VAPER/irma/vaper/bin/flu-amd/IRMA_RES/ppath/results-Og7P0r9rCIOqFgvgwbEw4Q5oAFXaOQpH/LEFT.log:124	2677	2677	30	125	1
/home/dev_env/VAPER/irma/vaper/bin/flu-amd/IRMA_RES/ppath/results-Og7P0r9rCIOqFgvgwbEw4Q5oAFXaOQpH/LEFT.log:125	2668	2668	30	125	1
/home/dev_env/VAPER/irma/vaper/bin/flu-amd/IRMA_RES/ppath/results-Og7P0r9rCIOqFgvgwbEw4Q5oAFXaOQpH/LEFT.log:126	2667	2667	30	125	1
/home/dev_env/VAPER/irma/vaper/bin/flu-amd/IRMA_RES/ppath/results-Og7P0r9rCIOqFgvgwbEw4Q5oAFXaOQpH/LEFT.log:127	2666	2666	30	125	1
/home/dev_env/VAPER/irma/vaper/bin/flu-amd/IRMA_RES/ppath/results-Og7P0r9rCIOqFgvgwbEw4Q5oAFXaOQpH/LEFT.log:128	2672	2672	30	125	1
/home/dev_env/VAPER/irma/vaper/bin/flu-amd/IRMA_RES/ppath/results-Og7P0r9rCIOqFgvgwbEw4Q5oAFXaOQpH/LEFT.log:130	2646	2646	30	125	1
/home/dev_env/VAPER/irma/vaper/bin/flu-amd/IRMA_RES/ppath/results-Og7P0r9rCIOqFgvgwbEw4Q5oAFXaOQpH/LEFT.log:129	2672	2672	30	125	1
/home/dev_env/VAPER/irma/vaper/bin/flu-amd/IRMA_RES/ppath/results-Og7P0r9rCIOqFgvgwbEw4Q5oAFXaOQpH/LEFT.log:131	2676	2676	30	125	1
/home/dev_env/VAPER/irma/vaper/bin/flu-amd/IRMA_RES/ppath/results-Og7P0r9rCIOqFgvgwbEw4Q5oAFXaOQpH/LEFT.log:132	2659	2659	30	125	1
/home/dev_env/VAPER/irma/vaper/bin/flu-amd/IRMA_RES/ppath/results-Og7P0r9rCIOqFgvgwbEw4Q5oAFXaOQpH/LEFT.log:133	2676	2676	30	125	1
/home/dev_env/VAPER/irma/vaper/bin/flu-amd/IRMA_RES/ppath/results-Og7P0r9rCIOqFgvgwbEw4Q5oAFXaOQpH/LEFT.log:135	2673	2673	30	125	1
/home/dev_env/VAPER/irma/vaper/bin/flu-amd/IRMA_RES/ppath/results-Og7P0r9rCIOqFgvgwbEw4Q5oAFXaOQpH/LEFT.log:134	2678	2678	30	125	1
/home/dev_env/VAPER/irma/vaper/bin/flu-amd/IRMA_RES/ppath/results-Og7P0r9rCIOqFgvgwbEw4Q5oAFXaOQpH/LEFT.log:136	2670	2670	30	125	1
/home/dev_env/VAPER/irma/vaper/bin/flu-amd/IRMA_RES/ppath/results-Og7P0r9rCIOqFgvgwbEw4Q5oAFXaOQpH/LEFT.log:137	2683	2683	30	125	1
/home/dev_env/VAPER/irma/vaper/bin/flu-amd/IRMA_RES/ppath/results-Og7P0r9rCIOqFgvgwbEw4Q5oAFXaOQpH/LEFT.log:138	2676	2676	30	125	1
/home/dev_env/VAPER/irma/vaper/bin/flu-amd/IRMA_RES/ppath/results-Og7P0r9rCIOqFgvgwbEw4Q5oAFXaOQpH/LEFT.log:140	2668	2668	30	125	1
/home/dev_env/VAPER/irma/vaper/bin/flu-amd/IRMA_RES/ppath/results-Og7P0r9rCIOqFgvgwbEw4Q5oAFXaOQpH/LEFT.log:139	2687	2687	30	125	1
/home/dev_env/VAPER/irma/vaper/bin/flu-amd/IRMA_RES/ppath/results-Og7P0r9rCIOqFgvgwbEw4Q5oAFXaOQpH/LEFT.log:144	2680	2680	30	125	1
/home/dev_env/VAPER/irma/vaper/bin/flu-amd/IRMA_RES/ppath/results-Og7P0r9rCIOqFgvgwbEw4Q5oAFXaOQpH/LEFT.log:141	2660	2660	30	125	1
/home/dev_env/VAPER/irma/vaper/bin/flu-amd/IRMA_RES/ppath/results-Og7P0r9rCIOqFgvgwbEw4Q5oAFXaOQpH/LEFT.log:143	2661	2661	30	125	1
/home/dev_env/VAPER/irma/vaper/bin/flu-amd/IRMA_RES/ppath/results-Og7P0r9rCIOqFgvgwbEw4Q5oAFXaOQpH/LEFT.log:142	2671	2671	30	125	1
/home/dev_env/VAPER/irma/vaper/bin/flu-amd/IRMA_RES/ppath/results-Og7P0r9rCIOqFgvgwbEw4Q5oAFXaOQpH/LEFT.log:145	2663	2663	30	125	1
/home/dev_env/VAPER/irma/vaper/bin/flu-amd/IRMA_RES/ppath/results-Og7P0r9rCIOqFgvgwbEw4Q5oAFXaOQpH/LEFT.log:146	2682	2682	30	125	1
/home/dev_env/VAPER/irma/vaper/bin/flu-amd/IRMA_RES/ppath/results-Og7P0r9rCIOqFgvgwbEw4Q5oAFXaOQpH/LEFT.log:148	2667	2667	30	125	1
/home/dev_env/VAPER/irma/vaper/bin/flu-amd/IRMA_RES/ppath/results-Og7P0r9rCIOqFgvgwbEw4Q5oAFXaOQpH/LEFT.log:147	2686	2686	30	125	1
/home/dev_env/VAPER/irma/vaper/bin/flu-amd/IRMA_RES/ppath/results-Og7P0r9rCIOqFgvgwbEw4Q5oAFXaOQpH/LEFT.log:149	2676	2676	30	125	1
/home/dev_env/VAPER/irma/vaper/bin/flu-amd/IRMA_RES/ppath/results-Og7P0r9rCIOqFgvgwbEw4Q5oAFXaOQpH/LEFT.log:150	2685	2685	30	125	1
/home/dev_env/VAPER/irma/vaper/bin/flu-amd/IRMA_RES/ppath/results-Og7P0r9rCIOqFgvgwbEw4Q5oAFXaOQpH/LEFT.log:151	2703	2703	30	125	1
/home/dev_env/VAPER/irma/vaper/bin/flu-amd/IRMA_RES/ppath/results-Og7P0r9rCIOqFgvgwbEw4Q5oAFXaOQpH/LEFT.log:153	2691	2690	30	125	1
/home/dev_env/VAPER/irma/vaper/bin/flu-amd/IRMA_RES/ppath/results-Og7P0r9rCIOqFgvgwbEw4Q5oAFXaOQpH/LEFT.log:154	2675	2675	30	125	1
/home/dev_env/VAPER/irma/vaper/bin/flu-amd/IRMA_RES/ppath/results-Og7P0r9rCIOqFgvgwbEw4Q5oAFXaOQpH/LEFT.log:152	2678	2678	30	125	1
/home/dev_env/VAPER/irma/vaper/bin/flu-amd/IRMA_RES/ppath/results-Og7P0r9rCIOqFgvgwbEw4Q5oAFXaOQpH/LEFT.log:156	2665	2665	30	125	1
/home/dev_env/VAPER/irma/vaper/bin/flu-amd/IRMA_RES/ppath/results-Og7P0r9rCIOqFgvgwbEw4Q5oAFXaOQpH/LEFT.log:155	2677	2677	30	125	1
/home/dev_env/VAPER/irma/vaper/bin/flu-amd/IRMA_RES/ppath/results-Og7P0r9rCIOqFgvgwbEw4Q5oAFXaOQpH/LEFT.log:157	2689	2689	30	125	1
/home/dev_env/VAPER/irma/vaper/bin/flu-amd/IRMA_RES/ppath/results-Og7P0r9rCIOqFgvgwbEw4Q5oAFXaOQpH/LEFT.log:158	2683	2682	30	125	1
/home/dev_env/VAPER/irma/vaper/bin/flu-amd/IRMA_RES/ppath/results-Og7P0r9rCIOqFgvgwbEw4Q5oAFXaOQpH/LEFT.log:159	2701	2701	30	125	1
/home/dev_env/VAPER/irma/vaper/bin/flu-amd/IRMA_RES/ppath/results-Og7P0r9rCIOqFgvgwbEw4Q5oAFXaOQpH/LEFT.log:160	2666	2665	30	125	1
/home/dev_env/VAPER/irma/vaper/bin/flu-amd/IRMA_RES/ppath/results-Og7P0r9rCIOqFgvgwbEw4Q5oAFXaOQpH/LEFT.log:161	2681	2681	30	125	1
/home/dev_env/VAPER/irma/vaper/bin/flu-amd/IRMA_RES/ppath/results-Og7P0r9rCIOqFgvgwbEw4Q5oAFXaOQpH/LEFT.log:162	2678	2678	30	125	1
/home/dev_env/VAPER/irma/vaper/bin/flu-amd/IRMA_RES/ppath/results-Og7P0r9rCIOqFgvgwbEw4Q5oAFXaOQpH/LEFT.log:163	2683	2682	30	125	1
/home/dev_env/VAPER/irma/vaper/bin/flu-amd/IRMA_RES/ppath/results-Og7P0r9rCIOqFgvgwbEw4Q5oAFXaOQpH/LEFT.log:164	2686	2686	30	125	1
/home/dev_env/VAPER/irma/vaper/bin/flu-amd/IRMA_RES/ppath/results-Og7P0r9rCIOqFgvgwbEw4Q5oAFXaOQpH/LEFT.log:165	2673	2673	30	125	1
/home/dev_env/VAPER/irma/vaper/bin/flu-amd/IRMA_RES/ppath/results-Og7P0r9rCIOqFgvgwbEw4Q5oAFXaOQpH/LEFT.log:166	2676	2676	30	125	1
/home/dev_env/VAPER/irma/vaper/bin/flu-amd/IRMA_RES/ppath/results-Og7P0r9rCIOqFgvgwbEw4Q5oAFXaOQpH/LEFT.log:167	2674	2674	30	125	1
/home/dev_env/VAPER/irma/vaper/bin/flu-amd/IRMA_RES/ppath/results-Og7P0r9rCIOqFgvgwbEw4Q5oAFXaOQpH/LEFT.log:168	2675	2675	30	125	1
/home/dev_env/VAPER/irma/vaper/bin/flu-amd/IRMA_RES/ppath/results-Og7P0r9rCIOqFgvgwbEw4Q5oAFXaOQpH/LEFT.log:169	2665	2664	30	125	1
/home/dev_env/VAPER/irma/vaper/bin/flu-amd/IRMA_RES/ppath/results-Og7P0r9rCIOqFgvgwbEw4Q5oAFXaOQpH/LEFT.log:170	2689	2689	30	125	1
/home/dev_env/VAPER/irma/vaper/bin/flu-amd/IRMA_RES/ppath/results-Og7P0r9rCIOqFgvgwbEw4Q5oAFXaOQpH/LEFT.log:171	2668	2668	30	125	1
/home/dev_env/VAPER/irma/vaper/bin/flu-amd/IRMA_RES/ppath/results-Og7P0r9rCIOqFgvgwbEw4Q5oAFXaOQpH/LEFT.log:172	2675	2675	30	125	1
/home/dev_env/VAPER/irma/vaper/bin/flu-amd/IRMA_RES/ppath/results-Og7P0r9rCIOqFgvgwbEw4Q5oAFXaOQpH/LEFT.log:173	2668	2668	30	125	1
/home/dev_env/VAPER/irma/vaper/bin/flu-amd/IRMA_RES/ppath/results-Og7P0r9rCIOqFgvgwbEw4Q5oAFXaOQpH/LEFT.log:174	2654	2654	30	125	1
/home/dev_env/VAPER/irma/vaper/bin/flu-amd/IRMA_RES/ppath/results-Og7P0r9rCIOqFgvgwbEw4Q5oAFXaOQpH/LEFT.log:175	2671	2671	30	125	1
/home/dev_env/VAPER/irma/vaper/bin/flu-amd/IRMA_RES/ppath/results-Og7P0r9rCIOqFgvgwbEw4Q5oAFXaOQpH/LEFT.log:177	2666	2666	30	125	1
/home/dev_env/VAPER/irma/vaper/bin/flu-amd/IRMA_RES/ppath/results-Og7P0r9rCIOqFgvgwbEw4Q5oAFXaOQpH/LEFT.log:176	2655	2655	30	125	1
/home/dev_env/VAPER/irma/vaper/bin/flu-amd/IRMA_RES/ppath/results-Og7P0r9rCIOqFgvgwbEw4Q5oAFXaOQpH/LEFT.log:178	2663	2663	30	125	1
/home/dev_env/VAPER/irma/vaper/bin/flu-amd/IRMA_RES/ppath/results-Og7P0r9rCIOqFgvgwbEw4Q5oAFXaOQpH/LEFT.log:179	2680	2680	30	125	1
/home/dev_env/VAPER/irma/vaper/bin/flu-amd/IRMA_RES/ppath/results-Og7P0r9rCIOqFgvgwbEw4Q5oAFXaOQpH/LEFT.log:180	2664	2664	30	125	1
/home/dev_env/VAPER/irma/vaper/bin/flu-amd/IRMA_RES/ppath/results-Og7P0r9rCIOqFgvgwbEw4Q5oAFXaOQpH/LEFT.log:181	2683	2683	30	125	1
/home/dev_env/VAPER/irma/vaper/bin/flu-amd/IRMA_RES/ppath/results-Og7P0r9rCIOqFgvgwbEw4Q5oAFXaOQpH/LEFT.log:182	2684	2684	30	125	1
/home/dev_env/VAPER/irma/vaper/bin/flu-amd/IRMA_RES/ppath/results-Og7P0r9rCIOqFgvgwbEw4Q5oAFXaOQpH/LEFT.log:183	2688	2688	30	125	1
/home/dev_env/VAPER/irma/vaper/bin/flu-amd/IRMA_RES/ppath/results-Og7P0r9rCIOqFgvgwbEw4Q5oAFXaOQpH/LEFT.log:184	2666	2666	30	125	1
/home/dev_env/VAPER/irma/vaper/bin/flu-amd/IRMA_RES/ppath/results-Og7P0r9rCIOqFgvgwbEw4Q5oAFXaOQpH/LEFT.log:185	2659	2659	30	125	1
/home/dev_env/VAPER/irma/vaper/bin/flu-amd/IRMA_RES/ppath/results-Og7P0r9rCIOqFgvgwbEw4Q5oAFXaOQpH/LEFT.log:186	2684	2684	30	125	1
/home/dev_env/VAPER/irma/vaper/bin/flu-amd/IRMA_RES/ppath/results-Og7P0r9rCIOqFgvgwbEw4Q5oAFXaOQpH/LEFT.log:187	2673	2673	30	125	1
/home/dev_env/VAPER/irma/vaper/bin/flu-amd/IRMA_RES/ppath/results-Og7P0r9rCIOqFgvgwbEw4Q5oAFXaOQpH/LEFT.log:188	2668	2668	30	125	1
/home/dev_env/VAPER/irma/vaper/bin/flu-amd/IRMA_RES/ppath/results-Og7P0r9rCIOqFgvgwbEw4Q5oAFXaOQpH/LEFT.log:189	2669	2669	30	125	1
/home/dev_env/VAPER/irma/vaper/bin/flu-amd/IRMA_RES/ppath/results-Og7P0r9rCIOqFgvgwbEw4Q5oAFXaOQpH/LEFT.log:190	2681	2681	30	125	1
/home/dev_env/VAPER/irma/vaper/bin/flu-amd/IRMA_RES/ppath/results-Og7P0r9rCIOqFgvgwbEw4Q5oAFXaOQpH/LEFT.log:193	2684	2684	30	125	1
/home/dev_env/VAPER/irma/vaper/bin/flu-amd/IRMA_RES/ppath/results-Og7P0r9rCIOqFgvgwbEw4Q5oAFXaOQpH/LEFT.log:191	2685	2685	30	125	1
/home/dev_env/VAPER/irma/vaper/bin/flu-amd/IRMA_RES/ppath/results-Og7P0r9rCIOqFgvgwbEw4Q5oAFXaOQpH/LEFT.log:192	2680	2680	30	125	1
/home/dev_env/VAPER/irma/vaper/bin/flu-amd/IRMA_RES/ppath/results-Og7P0r9rCIOqFgvgwbEw4Q5oAFXaOQpH/LEFT.log:194	2672	2672	30	125	1
/home/dev_env/VAPER/irma/vaper/bin/flu-amd/IRMA_RES/ppath/results-Og7P0r9rCIOqFgvgwbEw4Q5oAFXaOQpH/LEFT.log:195	2672	2672	30	125	1
/home/dev_env/VAPER/irma/vaper/bin/flu-amd/IRMA_RES/ppath/results-Og7P0r9rCIOqFgvgwbEw4Q5oAFXaOQpH/LEFT.log:196	2679	2679	30	125	1
/home/dev_env/VAPER/irma/vaper/bin/flu-amd/IRMA_RES/ppath/results-Og7P0r9rCIOqFgvgwbEw4Q5oAFXaOQpH/LEFT.log:197	2684	2684	30	125	1
/home/dev_env/VAPER/irma/vaper/bin/flu-amd/IRMA_RES/ppath/results-Og7P0r9rCIOqFgvgwbEw4Q5oAFXaOQpH/LEFT.log:198	2689	2689	30	125	1
/home/dev_env/VAPER/irma/vaper/bin/flu-amd/IRMA_RES/ppath/results-Og7P0r9rCIOqFgvgwbEw4Q5oAFXaOQpH/LEFT.log:199	2682	2680	30	125	1
/home/dev_env/VAPER/irma/vaper/bin/flu-amd/IRMA_RES/ppath/results-Og7P0r9rCIOqFgvgwbEw4Q5oAFXaOQpH/LEFT.log:202	2675	2675	30	125	1
/home/dev_env/VAPER/irma/vaper/bin/flu-amd/IRMA_RES/ppath/results-Og7P0r9rCIOqFgvgwbEw4Q5oAFXaOQpH/LEFT.log:201	2699	2699	30	125	1
/home/dev_env/VAPER/irma/vaper/bin/flu-amd/IRMA_RES/ppath/results-Og7P0r9rCIOqFgvgwbEw4Q5oAFXaOQpH/LEFT.log:200	2662	2662	30	125	1
/home/dev_env/VAPER/irma/vaper/bin/flu-amd/IRMA_RES/ppath/results-Og7P0r9rCIOqFgvgwbEw4Q5oAFXaOQpH/LEFT.log:203	2666	2666	30	125	1
/home/dev_env/VAPER/irma/vaper/bin/flu-amd/IRMA_RES/ppath/results-Og7P0r9rCIOqFgvgwbEw4Q5oAFXaOQpH/LEFT.log:204	2684	2684	30	125	1
/home/dev_env/VAPER/irma/vaper/bin/flu-amd/IRMA_RES/ppath/results-Og7P0r9rCIOqFgvgwbEw4Q5oAFXaOQpH/LEFT.log:205	2680	2680	30	125	1
/home/dev_env/VAPER/irma/vaper/bin/flu-amd/IRMA_RES/ppath/results-Og7P0r9rCIOqFgvgwbEw4Q5oAFXaOQpH/LEFT.log:206	2689	2689	30	125	1
/home/dev_env/VAPER/irma/vaper/bin/flu-amd/IRMA_RES/ppath/results-Og7P0r9rCIOqFgvgwbEw4Q5oAFXaOQpH/LEFT.log:207	2668	2668	30	125	1
/home/dev_env/VAPER/irma/vaper/bin/flu-amd/IRMA_RES/ppath/results-Og7P0r9rCIOqFgvgwbEw4Q5oAFXaOQpH/LEFT.log:208	2688	2688	30	125	1
/home/dev_env/VAPER/irma/vaper/bin/flu-amd/IRMA_RES/ppath/results-Og7P0r9rCIOqFgvgwbEw4Q5oAFXaOQpH/LEFT.log:209	2678	2678	30	125	1
/home/dev_env/VAPER/irma/vaper/bin/flu-amd/IRMA_RES/ppath/results-Og7P0r9rCIOqFgvgwbEw4Q5oAFXaOQpH/LEFT.log:210	2682	2682	30	125	1
/home/dev_env/VAPER/irma/vaper/bin/flu-amd/IRMA_RES/ppath/results-Og7P0r9rCIOqFgvgwbEw4Q5oAFXaOQpH/LEFT.log:213	2674	2674	30	125	1
/home/dev_env/VAPER/irma/vaper/bin/flu-amd/IRMA_RES/ppath/results-Og7P0r9rCIOqFgvgwbEw4Q5oAFXaOQpH/LEFT.log:211	2672	2672	30	125	1
/home/dev_env/VAPER/irma/vaper/bin/flu-amd/IRMA_RES/ppath/results-Og7P0r9rCIOqFgvgwbEw4Q5oAFXaOQpH/LEFT.log:212	2681	2681	30	125	1
/home/dev_env/VAPER/irma/vaper/bin/flu-amd/IRMA_RES/ppath/results-Og7P0r9rCIOqFgvgwbEw4Q5oAFXaOQpH/LEFT.log:214	2679	2679	30	125	1
/home/dev_env/VAPER/irma/vaper/bin/flu-amd/IRMA_RES/ppath/results-Og7P0r9rCIOqFgvgwbEw4Q5oAFXaOQpH/LEFT.log:215	2653	2653	30	125	1
/home/dev_env/VAPER/irma/vaper/bin/flu-amd/IRMA_RES/ppath/results-Og7P0r9rCIOqFgvgwbEw4Q5oAFXaOQpH/LEFT.log:216	2664	2664	30	125	1
/home/dev_env/VAPER/irma/vaper/bin/flu-amd/IRMA_RES/ppath/results-Og7P0r9rCIOqFgvgwbEw4Q5oAFXaOQpH/LEFT.log:217	2685	2685	30	125	1
/home/dev_env/VAPER/irma/vaper/bin/flu-amd/IRMA_RES/ppath/results-Og7P0r9rCIOqFgvgwbEw4Q5oAFXaOQpH/LEFT.log:218	2669	2669	30	125	1
/home/dev_env/VAPER/irma/vaper/bin/flu-amd/IRMA_RES/ppath/results-Og7P0r9rCIOqFgvgwbEw4Q5oAFXaOQpH/LEFT.log:219	2674	2674	30	125	1
/home/dev_env/VAPER/irma/vaper/bin/flu-amd/IRMA_RES/ppath/results-Og7P0r9rCIOqFgvgwbEw4Q5oAFXaOQpH/LEFT.log:221	2677	2677	30	125	1
/home/dev_env/VAPER/irma/vaper/bin/flu-amd/IRMA_RES/ppath/results-Og7P0r9rCIOqFgvgwbEw4Q5oAFXaOQpH/LEFT.log:220	2642	2642	30	125	1
/home/dev_env/VAPER/irma/vaper/bin/flu-amd/IRMA_RES/ppath/results-Og7P0r9rCIOqFgvgwbEw4Q5oAFXaOQpH/LEFT.log:222	2673	2673	30	125	1
/home/dev_env/VAPER/irma/vaper/bin/flu-amd/IRMA_RES/ppath/results-Og7P0r9rCIOqFgvgwbEw4Q5oAFXaOQpH/LEFT.log:223	2661	2661	30	125	1
/home/dev_env/VAPER/irma/vaper/bin/flu-amd/IRMA_RES/ppath/results-Og7P0r9rCIOqFgvgwbEw4Q5oAFXaOQpH/LEFT.log:224	2665	2664	30	125	1
/home/dev_env/VAPER/irma/vaper/bin/flu-amd/IRMA_RES/ppath/results-Og7P0r9rCIOqFgvgwbEw4Q5oAFXaOQpH/LEFT.log:225	2664	2664	30	125	1
/home/dev_env/VAPER/irma/vaper/bin/flu-amd/IRMA_RES/ppath/results-Og7P0r9rCIOqFgvgwbEw4Q5oAFXaOQpH/LEFT.log:226	2682	2681	30	125	1
/home/dev_env/VAPER/irma/vaper/bin/flu-amd/IRMA_RES/ppath/results-Og7P0r9rCIOqFgvgwbEw4Q5oAFXaOQpH/LEFT.log:227	2660	2660	30	125	1
/home/dev_env/VAPER/irma/vaper/bin/flu-amd/IRMA_RES/ppath/results-Og7P0r9rCIOqFgvgwbEw4Q5oAFXaOQpH/LEFT.log:228	2668	2668	30	125	1
/home/dev_env/VAPER/irma/vaper/bin/flu-amd/IRMA_RES/ppath/results-Og7P0r9rCIOqFgvgwbEw4Q5oAFXaOQpH/LEFT.log:229	2678	2678	30	125	1
/home/dev_env/VAPER/irma/vaper/bin/flu-amd/IRMA_RES/ppath/results-Og7P0r9rCIOqFgvgwbEw4Q5oAFXaOQpH/LEFT.log:230	2661	2661	30	125	1
/home/dev_env/VAPER/irma/vaper/bin/flu-amd/IRMA_RES/ppath/results-Og7P0r9rCIOqFgvgwbEw4Q5oAFXaOQpH/LEFT.log:231	2668	2668	30	125	1
/home/dev_env/VAPER/irma/vaper/bin/flu-amd/IRMA_RES/ppath/results-Og7P0r9rCIOqFgvgwbEw4Q5oAFXaOQpH/LEFT.log:233	2674	2674	30	125	1
/home/dev_env/VAPER/irma/vaper/bin/flu-amd/IRMA_RES/ppath/results-Og7P0r9rCIOqFgvgwbEw4Q5oAFXaOQpH/LEFT.log:232	2670	2669	30	125	1
/home/dev_env/VAPER/irma/vaper/bin/flu-amd/IRMA_RES/ppath/results-Og7P0r9rCIOqFgvgwbEw4Q5oAFXaOQpH/LEFT.log:234	2655	2655	30	125	1
/home/dev_env/VAPER/irma/vaper/bin/flu-amd/IRMA_RES/ppath/results-Og7P0r9rCIOqFgvgwbEw4Q5oAFXaOQpH/LEFT.log:235	2666	2666	30	125	1
/home/dev_env/VAPER/irma/vaper/bin/flu-amd/IRMA_RES/ppath/results-Og7P0r9rCIOqFgvgwbEw4Q5oAFXaOQpH/LEFT.log:236	2673	2673	30	125	1
/home/dev_env/VAPER/irma/vaper/bin/flu-amd/IRMA_RES/ppath/results-Og7P0r9rCIOqFgvgwbEw4Q5oAFXaOQpH/LEFT.log:239	2678	2678	30	125	1
/home/dev_env/VAPER/irma/vaper/bin/flu-amd/IRMA_RES/ppath/results-Og7P0r9rCIOqFgvgwbEw4Q5oAFXaOQpH/LEFT.log:237	2670	2670	30	125	1
/home/dev_env/VAPER/irma/vaper/bin/flu-amd/IRMA_RES/ppath/results-Og7P0r9rCIOqFgvgwbEw4Q5oAFXaOQpH/LEFT.log:238	2668	2668	30	125	1
/home/dev_env/VAPER/irma/vaper/bin/flu-amd/IRMA_RES/ppath/results-Og7P0r9rCIOqFgvgwbEw4Q5oAFXaOQpH/LEFT.log:241	2676	2676	30	125	1
/home/dev_env/VAPER/irma/vaper/bin/flu-amd/IRMA_RES/ppath/results-Og7P0r9rCIOqFgvgwbEw4Q5oAFXaOQpH/LEFT.log:240	2685	2685	30	125	1
/home/dev_env/VAPER/irma/vaper/bin/flu-amd/IRMA_RES/ppath/results-Og7P0r9rCIOqFgvgwbEw4Q5oAFXaOQpH/LEFT.log:242	2690	2690	30	125	1
/home/dev_env/VAPER/irma/vaper/bin/flu-amd/IRMA_RES/ppath/results-Og7P0r9rCIOqFgvgwbEw4Q5oAFXaOQpH/LEFT.log:243	2672	2672	30	125	1
/home/dev_env/VAPER/irma/vaper/bin/flu-amd/IRMA_RES/ppath/results-Og7P0r9rCIOqFgvgwbEw4Q5oAFXaOQpH/LEFT.log:244	2684	2684	30	125	1
/home/dev_env/VAPER/irma/vaper/bin/flu-amd/IRMA_RES/ppath/results-Og7P0r9rCIOqFgvgwbEw4Q5oAFXaOQpH/LEFT.log:245	2684	2684	30	125	1
/home/dev_env/VAPER/irma/vaper/bin/flu-amd/IRMA_RES/ppath/results-Og7P0r9rCIOqFgvgwbEw4Q5oAFXaOQpH/LEFT.log:247	2678	2678	30	125	1
/home/dev_env/VAPER/irma/vaper/bin/flu-amd/IRMA_RES/ppath/results-Og7P0r9rCIOqFgvgwbEw4Q5oAFXaOQpH/LEFT.log:246	2675	2675	30	125	1
/home/dev_env/VAPER/irma/vaper/bin/flu-amd/IRMA_RES/ppath/results-Og7P0r9rCIOqFgvgwbEw4Q5oAFXaOQpH/LEFT.log:248	2685	2685	30	125	1
/home/dev_env/VAPER/irma/vaper/bin/flu-amd/IRMA_RES/ppath/results-Og7P0r9rCIOqFgvgwbEw4Q5oAFXaOQpH/LEFT.log:249	2685	2685	30	125	1
/home/dev_env/VAPER/irma/vaper/bin/flu-amd/IRMA_RES/ppath/results-Og7P0r9rCIOqFgvgwbEw4Q5oAFXaOQpH/LEFT.log:250	2673	2673	30	125	1
/home/dev_env/VAPER/irma/vaper/bin/flu-amd/IRMA_RES/ppath/results-Og7P0r9rCIOqFgvgwbEw4Q5oAFXaOQpH/LEFT.log:251	2691	2691	30	125	1
/home/dev_env/VAPER/irma/vaper/bin/flu-amd/IRMA_RES/ppath/results-Og7P0r9rCIOqFgvgwbEw4Q5oAFXaOQpH/LEFT.log:252	2664	2663	30	125	1
/home/dev_env/VAPER/irma/vaper/bin/flu-amd/IRMA_RES/ppath/results-Og7P0r9rCIOqFgvgwbEw4Q5oAFXaOQpH/LEFT.log:253	2687	2687	30	125	1
/home/dev_env/VAPER/irma/vaper/bin/flu-amd/IRMA_RES/ppath/results-Og7P0r9rCIOqFgvgwbEw4Q5oAFXaOQpH/LEFT.log:254	2686	2686	30	125	1
/home/dev_env/VAPER/irma/vaper/bin/flu-amd/IRMA_RES/ppath/results-Og7P0r9rCIOqFgvgwbEw4Q5oAFXaOQpH/LEFT.log:256	2681	2681	30	125	1
/home/dev_env/VAPER/irma/vaper/bin/flu-amd/IRMA_RES/ppath/results-Og7P0r9rCIOqFgvgwbEw4Q5oAFXaOQpH/LEFT.log:255	2680	2680	30	125	1
/home/dev_env/VAPER/irma/vaper/bin/flu-amd/IRMA_RES/ppath/results-Og7P0r9rCIOqFgvgwbEw4Q5oAFXaOQpH/LEFT.log:258	2696	2696	30	125	1
/home/dev_env/VAPER/irma/vaper/bin/flu-amd/IRMA_RES/ppath/results-Og7P0r9rCIOqFgvgwbEw4Q5oAFXaOQpH/LEFT.log:257	2680	2679	30	125	1
/home/dev_env/VAPER/irma/vaper/bin/flu-amd/IRMA_RES/ppath/results-Og7P0r9rCIOqFgvgwbEw4Q5oAFXaOQpH/LEFT.log:259	2672	2672	30	125	1
/home/dev_env/VAPER/irma/vaper/bin/flu-amd/IRMA_RES/ppath/results-Og7P0r9rCIOqFgvgwbEw4Q5oAFXaOQpH/LEFT.log:260	2689	2689	30	125	1
/home/dev_env/VAPER/irma/vaper/bin/flu-amd/IRMA_RES/ppath/results-Og7P0r9rCIOqFgvgwbEw4Q5oAFXaOQpH/LEFT.log:261	2673	2673	30	125	1
/home/dev_env/VAPER/irma/vaper/bin/flu-amd/IRMA_RES/ppath/results-Og7P0r9rCIOqFgvgwbEw4Q5oAFXaOQpH/LEFT.log:262	2680	2679	30	125	1
/home/dev_env/VAPER/irma/vaper/bin/flu-amd/IRMA_RES/ppath/results-Og7P0r9rCIOqFgvgwbEw4Q5oAFXaOQpH/LEFT.log:264	2679	2678	30	125	1
/home/dev_env/VAPER/irma/vaper/bin/flu-amd/IRMA_RES/ppath/results-Og7P0r9rCIOqFgvgwbEw4Q5oAFXaOQpH/LEFT.log:263	2683	2682	30	125	1
/home/dev_env/VAPER/irma/vaper/bin/flu-amd/IRMA_RES/ppath/results-Og7P0r9rCIOqFgvgwbEw4Q5oAFXaOQpH/LEFT.log:265	2671	2670	30	125	1
/home/dev_env/VAPER/irma/vaper/bin/flu-amd/IRMA_RES/ppath/results-Og7P0r9rCIOqFgvgwbEw4Q5oAFXaOQpH/LEFT.log:266	2676	2675	30	125	1
/home/dev_env/VAPER/irma/vaper/bin/flu-amd/IRMA_RES/ppath/results-Og7P0r9rCIOqFgvgwbEw4Q5oAFXaOQpH/LEFT.log:267	2689	2689	30	125	1
/home/dev_env/VAPER/irma/vaper/bin/flu-amd/IRMA_RES/ppath/results-Og7P0r9rCIOqFgvgwbEw4Q5oAFXaOQpH/LEFT.log:268	2664	2663	30	125	1
/home/dev_env/VAPER/irma/vaper/bin/flu-amd/IRMA_RES/ppath/results-Og7P0r9rCIOqFgvgwbEw4Q5oAFXaOQpH/LEFT.log:269	2675	2675	30	125	1
/home/dev_env/VAPER/irma/vaper/bin/flu-amd/IRMA_RES/ppath/results-Og7P0r9rCIOqFgvgwbEw4Q5oAFXaOQpH/LEFT.log:270	2690	2690	30	125	1
/home/dev_env/VAPER/irma/vaper/bin/flu-amd/IRMA_RES/ppath/results-Og7P0r9rCIOqFgvgwbEw4Q5oAFXaOQpH/LEFT.log:271	2677	2677	30	125	1
/home/dev_env/VAPER/irma/vaper/bin/flu-amd/IRMA_RES/ppath/results-Og7P0r9rCIOqFgvgwbEw4Q5oAFXaOQpH/LEFT.log:272	2676	2676	30	125	1
/home/dev_env/VAPER/irma/vaper/bin/flu-amd/IRMA_RES/ppath/results-Og7P0r9rCIOqFgvgwbEw4Q5oAFXaOQpH/LEFT.log:273	2654	2654	30	125	1
/home/dev_env/VAPER/irma/vaper/bin/flu-amd/IRMA_RES/ppath/results-Og7P0r9rCIOqFgvgwbEw4Q5oAFXaOQpH/LEFT.log:277	2686	2686	30	125	1
/home/dev_env/VAPER/irma/vaper/bin/flu-amd/IRMA_RES/ppath/results-Og7P0r9rCIOqFgvgwbEw4Q5oAFXaOQpH/LEFT.log:274	2677	2677	30	125	1
/home/dev_env/VAPER/irma/vaper/bin/flu-amd/IRMA_RES/ppath/results-Og7P0r9rCIOqFgvgwbEw4Q5oAFXaOQpH/LEFT.log:276	2655	2655	30	125	1
/home/dev_env/VAPER/irma/vaper/bin/flu-amd/IRMA_RES/ppath/results-Og7P0r9rCIOqFgvgwbEw4Q5oAFXaOQpH/LEFT.log:275	2676	2676	30	125	1
/home/dev_env/VAPER/irma/vaper/bin/flu-amd/IRMA_RES/ppath/results-Og7P0r9rCIOqFgvgwbEw4Q5oAFXaOQpH/LEFT.log:278	2655	2655	30	125	1
/home/dev_env/VAPER/irma/vaper/bin/flu-amd/IRMA_RES/ppath/results-Og7P0r9rCIOqFgvgwbEw4Q5oAFXaOQpH/LEFT.log:279	2674	2674	30	125	1
/home/dev_env/VAPER/irma/vaper/bin/flu-amd/IRMA_RES/ppath/results-Og7P0r9rCIOqFgvgwbEw4Q5oAFXaOQpH/LEFT.log:281	2666	2666	30	125	1
/home/dev_env/VAPER/irma/vaper/bin/flu-amd/IRMA_RES/ppath/results-Og7P0r9rCIOqFgvgwbEw4Q5oAFXaOQpH/LEFT.log:280	2685	2685	30	125	1
/home/dev_env/VAPER/irma/vaper/bin/flu-amd/IRMA_RES/ppath/results-Og7P0r9rCIOqFgvgwbEw4Q5oAFXaOQpH/LEFT.log:282	2668	2668	30	125	1
/home/dev_env/VAPER/irma/vaper/bin/flu-amd/IRMA_RES/ppath/results-Og7P0r9rCIOqFgvgwbEw4Q5oAFXaOQpH/LEFT.log:283	2661	2661	30	125	1
/home/dev_env/VAPER/irma/vaper/bin/flu-amd/IRMA_RES/ppath/results-Og7P0r9rCIOqFgvgwbEw4Q5oAFXaOQpH/LEFT.log:284	2671	2671	30	125	1
/home/dev_env/VAPER/irma/vaper/bin/flu-amd/IRMA_RES/ppath/results-Og7P0r9rCIOqFgvgwbEw4Q5oAFXaOQpH/LEFT.log:285	2664	2664	30	125	1
/home/dev_env/VAPER/irma/vaper/bin/flu-amd/IRMA_RES/ppath/results-Og7P0r9rCIOqFgvgwbEw4Q5oAFXaOQpH/LEFT.log:286	2682	2682	30	125	1
/home/dev_env/VAPER/irma/vaper/bin/flu-amd/IRMA_RES/ppath/results-Og7P0r9rCIOqFgvgwbEw4Q5oAFXaOQpH/LEFT.log:289	2693	2693	30	125	1
/home/dev_env/VAPER/irma/vaper/bin/flu-amd/IRMA_RES/ppath/results-Og7P0r9rCIOqFgvgwbEw4Q5oAFXaOQpH/LEFT.log:287	2694	2694	30	125	1
/home/dev_env/VAPER/irma/vaper/bin/flu-amd/IRMA_RES/ppath/results-Og7P0r9rCIOqFgvgwbEw4Q5oAFXaOQpH/LEFT.log:288	2678	2678	30	125	1
/home/dev_env/VAPER/irma/vaper/bin/flu-amd/IRMA_RES/ppath/results-Og7P0r9rCIOqFgvgwbEw4Q5oAFXaOQpH/LEFT.log:290	2682	2682	30	125	1
/home/dev_env/VAPER/irma/vaper/bin/flu-amd/IRMA_RES/ppath/results-Og7P0r9rCIOqFgvgwbEw4Q5oAFXaOQpH/LEFT.log:291	2677	2677	30	125	1
/home/dev_env/VAPER/irma/vaper/bin/flu-amd/IRMA_RES/ppath/results-Og7P0r9rCIOqFgvgwbEw4Q5oAFXaOQpH/LEFT.log:292	2702	2701	30	125	1
/home/dev_env/VAPER/irma/vaper/bin/flu-amd/IRMA_RES/ppath/results-Og7P0r9rCIOqFgvgwbEw4Q5oAFXaOQpH/LEFT.log:294	2671	2671	30	125	1
/home/dev_env/VAPER/irma/vaper/bin/flu-amd/IRMA_RES/ppath/results-Og7P0r9rCIOqFgvgwbEw4Q5oAFXaOQpH/LEFT.log:293	2710	2710	30	125	1
/home/dev_env/VAPER/irma/vaper/bin/flu-amd/IRMA_RES/ppath/results-Og7P0r9rCIOqFgvgwbEw4Q5oAFXaOQpH/LEFT.log:295	2678	2678	30	125	1
/home/dev_env/VAPER/irma/vaper/bin/flu-amd/IRMA_RES/ppath/results-Og7P0r9rCIOqFgvgwbEw4Q5oAFXaOQpH/LEFT.log:296	2691	2690	30	125	1
/home/dev_env/VAPER/irma/vaper/bin/flu-amd/IRMA_RES/ppath/results-Og7P0r9rCIOqFgvgwbEw4Q5oAFXaOQpH/LEFT.log:297	2695	2695	30	125	1
/home/dev_env/VAPER/irma/vaper/bin/flu-amd/IRMA_RES/ppath/results-Og7P0r9rCIOqFgvgwbEw4Q5oAFXaOQpH/LEFT.log:298	2679	2679	30	125	1
/home/dev_env/VAPER/irma/vaper/bin/flu-amd/IRMA_RES/ppath/results-Og7P0r9rCIOqFgvgwbEw4Q5oAFXaOQpH/LEFT.log:299	2690	2690	30	125	1
/home/dev_env/VAPER/irma/vaper/bin/flu-amd/IRMA_RES/ppath/results-Og7P0r9rCIOqFgvgwbEw4Q5oAFXaOQpH/LEFT.log:300	2680	2680	30	125	1
/home/dev_env/VAPER/irma/vaper/bin/flu-amd/IRMA_RES/ppath/results-Og7P0r9rCIOqFgvgwbEw4Q5oAFXaOQpH/LEFT.log:301	2664	2664	30	125	1
/home/dev_env/VAPER/irma/vaper/bin/flu-amd/IRMA_RES/ppath/results-Og7P0r9rCIOqFgvgwbEw4Q5oAFXaOQpH/LEFT.log:302	2670	2670	30	125	1
/home/dev_env/VAPER/irma/vaper/bin/flu-amd/IRMA_RES/ppath/results-Og7P0r9rCIOqFgvgwbEw4Q5oAFXaOQpH/LEFT.log:303	2695	2694	30	125	1
/home/dev_env/VAPER/irma/vaper/bin/flu-amd/IRMA_RES/ppath/results-Og7P0r9rCIOqFgvgwbEw4Q5oAFXaOQpH/LEFT.log:304	2692	2692	30	125	1
/home/dev_env/VAPER/irma/vaper/bin/flu-amd/IRMA_RES/ppath/results-Og7P0r9rCIOqFgvgwbEw4Q5oAFXaOQpH/LEFT.log:305	2677	2677	30	125	1
/home/dev_env/VAPER/irma/vaper/bin/flu-amd/IRMA_RES/ppath/results-Og7P0r9rCIOqFgvgwbEw4Q5oAFXaOQpH/LEFT.log:307	2659	2658	30	125	1
/home/dev_env/VAPER/irma/vaper/bin/flu-amd/IRMA_RES/ppath/results-Og7P0r9rCIOqFgvgwbEw4Q5oAFXaOQpH/LEFT.log:306	2679	2679	30	125	1
/home/dev_env/VAPER/irma/vaper/bin/flu-amd/IRMA_RES/ppath/results-Og7P0r9rCIOqFgvgwbEw4Q5oAFXaOQpH/LEFT.log:308	2694	2694	30	125	1
/home/dev_env/VAPER/irma/vaper/bin/flu-amd/IRMA_RES/ppath/results-Og7P0r9rCIOqFgvgwbEw4Q5oAFXaOQpH/LEFT.log:309	2678	2678	30	125	1
/home/dev_env/VAPER/irma/vaper/bin/flu-amd/IRMA_RES/ppath/results-Og7P0r9rCIOqFgvgwbEw4Q5oAFXaOQpH/LEFT.log:310	2671	2671	30	125	1
/home/dev_env/VAPER/irma/vaper/bin/flu-amd/IRMA_RES/ppath/results-Og7P0r9rCIOqFgvgwbEw4Q5oAFXaOQpH/LEFT.log:311	2665	2665	30	125	1
/home/dev_env/VAPER/irma/vaper/bin/flu-amd/IRMA_RES/ppath/results-Og7P0r9rCIOqFgvgwbEw4Q5oAFXaOQpH/LEFT.log:312	2674	2674	30	125	1
/home/dev_env/VAPER/irma/vaper/bin/flu-amd/IRMA_RES/ppath/results-Og7P0r9rCIOqFgvgwbEw4Q5oAFXaOQpH/LEFT.log:313	2679	2679	30	125	1
/home/dev_env/VAPER/irma/vaper/bin/flu-amd/IRMA_RES/ppath/results-Og7P0r9rCIOqFgvgwbEw4Q5oAFXaOQpH/LEFT.log:314	2678	2678	30	125	1
/home/dev_env/VAPER/irma/vaper/bin/flu-amd/IRMA_RES/ppath/results-Og7P0r9rCIOqFgvgwbEw4Q5oAFXaOQpH/LEFT.log:315	2676	2676	30	125	1
/home/dev_env/VAPER/irma/vaper/bin/flu-amd/IRMA_RES/ppath/results-Og7P0r9rCIOqFgvgwbEw4Q5oAFXaOQpH/LEFT.log:316	2692	2692	30	125	1
/home/dev_env/VAPER/irma/vaper/bin/flu-amd/IRMA_RES/ppath/results-Og7P0r9rCIOqFgvgwbEw4Q5oAFXaOQpH/LEFT.log:317	2674	2673	30	125	1
/home/dev_env/VAPER/irma/vaper/bin/flu-amd/IRMA_RES/ppath/results-Og7P0r9rCIOqFgvgwbEw4Q5oAFXaOQpH/LEFT.log:318	2652	2652	30	125	1
/home/dev_env/VAPER/irma/vaper/bin/flu-amd/IRMA_RES/ppath/results-Og7P0r9rCIOqFgvgwbEw4Q5oAFXaOQpH/LEFT.log:319	2678	2678	30	125	1
/home/dev_env/VAPER/irma/vaper/bin/flu-amd/IRMA_RES/ppath/results-Og7P0r9rCIOqFgvgwbEw4Q5oAFXaOQpH/LEFT.log:320	2677	2677	30	125	1
/home/dev_env/VAPER/irma/vaper/bin/flu-amd/IRMA_RES/ppath/results-Og7P0r9rCIOqFgvgwbEw4Q5oAFXaOQpH/LEFT.log:321	2662	2662	30	125	1
/home/dev_env/VAPER/irma/vaper/bin/flu-amd/IRMA_RES/ppath/results-Og7P0r9rCIOqFgvgwbEw4Q5oAFXaOQpH/LEFT.log:322	2664	2664	30	125	1
